#
# A fatal error has been detected by the Java Runtime Environment:
#
#  SIGSEGV (0xb) at pc=0x00007f018105b4ba, pid=12340, tid=139643359631104
#
# JRE version: OpenJDK Runtime Environment (7.0_95) (build 1.7.0_95-b00)
# Java VM: OpenJDK 64-Bit Server VM (24.95-b01 mixed mode linux-amd64 compressed oops)
# Derivative: IcedTea 2.6.4
# Distribution: Ubuntu 15.10, package 7u95-2.6.4-0ubuntu0.15.10.2
# Problematic frame:
# v  ~BufferBlob::jni_fast_GetLongField
#
# Failed to write core dump. Core dumps have been disabled. To enable core dumping, try "ulimit -c unlimited" before starting Java again
#
# If you would like to submit a bug report, please include
# instructions on how to reproduce the bug and visit:
#   http://icedtea.classpath.org/bugzilla
# The crash happened outside the Java Virtual Machine in native code.
# See problematic frame for where to report the bug.
#

---------------  T H R E A D  ---------------

Current thread (0x00007f0184365800):  JavaThread "AWT-XAWT" daemon [_thread_in_native, id=12365, stack(0x00007f0140c89000,0x00007f0140d8a000)]

siginfo:si_signo=SIGSEGV: si_errno=0, si_code=1 (SEGV_MAPERR), si_addr=0x0000000000000000

Registers:
RAX=0x00007f018b9d7060, RBX=0x00007f01843659d8, RCX=0x0000000000000000, RDX=0x0000000000000042
RSP=0x00007f0140d88848, RBP=0x00007f0140d88870, RSI=0x0000000000000000, RDI=0x00007f01843659d8
R8 =0x0000000000000003, R9 =0x0000000000000000, R10=0x00000000000000ae, R11=0x00007f018b485680
R12=0x00007f011c0b5e20, R13=0x0000000000000000, R14=0x00007f014e166d40, R15=0x00007f0184365800
RIP=0x00007f018105b4ba, EFLAGS=0x0000000000010246, CSGSFS=0x0000000000000033, ERR=0x0000000000000004
  TRAPNO=0x000000000000000e

Top of Stack: (sp=0x00007f0140d88848)
0x00007f0140d88848:   00007f014df37cc4 000000009a27e200
0x00007f0140d88858:   00007f011c0b5e20 000000009a27e200
0x00007f0140d88868:   00007f0140d88958 0000000000000000
0x00007f0140d88878:   00007f014da333c0 000000009a27e200
0x00007f0140d88888:   00007f0140d888b0 0000000000000000
0x00007f0140d88898:   00007f014da2af93 000000009a27e200
0x00007f0140d888a8:   00007f014df2c25f 00007f0140d88920
0x00007f0140d888b8:   00007f0181012d98 00007f0181006233
0x00007f0140d888c8:   0000000000000000 00000000e2e0c410
0x00007f0140d888d8:   0000000000000000 00007f0140d888e0
0x00007f0140d888e8:   0000000000000000 00007f0140d88958
0x00007f0140d888f8:   000000009a284388 0000000000000000
0x00007f0140d88908:   000000009a27e200 0000000000000000
0x00007f0140d88918:   00007f0140d88940 00007f0140d889a0
0x00007f0140d88928:   00007f0181006350 00000000e2f9b130
0x00007f0140d88938:   00007f018100ecc0 0000000000000000
0x00007f0140d88948:   00007f0140d889a0 00007f0134000fa0
0x00007f0140d88958:   00000000e2e0c030 00007f0140d88960
0x00007f0140d88968:   000000009a3ad474 00007f0140d889e8
0x00007f0140d88978:   000000009a3ba150 000000009a818000
0x00007f0140d88988:   000000009a3ad608 00007f0140d88940
0x00007f0140d88998:   00007f0140d889e0 00007f0140d88a30
0x00007f0140d889a8:   00007f0181006058 0000000000000000
0x00007f0140d889b8:   00000000e2d481b8 0000000000000000
0x00007f0140d889c8:   0000000000000000 0000000000000000
0x00007f0140d889d8:   00000000e2e0c030 0000000000000000
0x00007f0140d889e8:   00000000e2d30890 00007f0140d889f0
0x00007f0140d889f8:   000000009a3ad26d 00007f0140d88a40
0x00007f0140d88a08:   000000009a3ba150 0000000000000000
0x00007f0140d88a18:   000000009a3ad288 00007f0140d889e0
0x00007f0140d88a28:   00007f0140d88a40 00007f0140d88a88
0x00007f0140d88a38:   00007f0181006706 00000000e2d30890 

Instructions: (pc=0x00007f018105b4ba)
0x00007f018105b49a:   00 00 00 00 00 00 44 8b 15 cd 44 9a 0a 4c 8b ce
0x00007f018105b4aa:   41 f6 c2 01 0f 85 2e 00 00 00 4d 33 ca 4d 33 ca
0x00007f018105b4ba:   4d 8b 09 4c 8b da 49 c1 eb 02 4b 8b 04 19 49 bb
0x00007f018105b4ca:   74 f9 9f 8b 01 7f 00 00 4c 33 d8 4c 33 d8 45 3b 

Register to memory mapping:

RAX=0x00007f018b9d7060: <offset 0xded060> in /usr/lib/jvm/java-7-openjdk-amd64/jre/lib/amd64/server/libjvm.so at 0x00007f018abea000
RBX=0x00007f01843659d8 is an unknown value
RCX=0x0000000000000000 is an unknown value
RDX=0x0000000000000042 is an unknown value
RSP=0x00007f0140d88848 is pointing into the stack for thread: 0x00007f0184365800
RBP=0x00007f0140d88870 is pointing into the stack for thread: 0x00007f0184365800
RSI=0x0000000000000000 is an unknown value
RDI=0x00007f01843659d8 is an unknown value
R8 =0x0000000000000003 is an unknown value
R9 =0x0000000000000000 is an unknown value
R10=0x00000000000000ae is an unknown value
R11=0x00007f018b485680: <offset 0x89b680> in /usr/lib/jvm/java-7-openjdk-amd64/jre/lib/amd64/server/libjvm.so at 0x00007f018abea000
R12=0x00007f011c0b5e20 is an unknown value
R13=0x0000000000000000 is an unknown value
R14=0x00007f014e166d40: <offset 0x24bd40> in /usr/lib/jvm/java-7-openjdk-amd64/jre/lib/amd64/xawt/libmawt.so at 0x00007f014df1b000
R15=0x00007f0184365800 is a thread


Stack: [0x00007f0140c89000,0x00007f0140d8a000],  sp=0x00007f0140d88848,  free space=1022k
Native frames: (J=compiled Java code, j=interpreted, Vv=VM code, C=native code)
v  ~BufferBlob::jni_fast_GetLongField

Java frames: (J=compiled Java code, j=interpreted, Vv=VM code)
j  sun.awt.X11.XlibWrapper.XFilterEvent(JJ)Z+0
j  sun.awt.X11.XToolkit.run(Z)V+300
j  sun.awt.X11.XToolkit.run()V+5
j  java.lang.Thread.run()V+11
v  ~StubRoutines::call_stub

---------------  P R O C E S S  ---------------

Java Threads: ( => current thread )
  0x00007f0138001000 JavaThread "XToolkt-Shutdown-Thread" [_thread_in_native, id=14161, stack(0x00007f01319f5000,0x00007f0131af6000)]
  0x00007f0158002000 JavaThread "SIGTERM handler" daemon [_thread_blocked, id=14149, stack(0x00007f0131bf7000,0x00007f0131cf8000)]
  0x00007f0158001000 JavaThread "SIGHUP handler" daemon [_thread_blocked, id=14145, stack(0x00007f01318f4000,0x00007f01319f5000)]
  0x00007f0120002800 JavaThread "Thread-1" [_thread_in_native, id=12372, stack(0x00007f01310f3000,0x00007f01318f4000)]
  0x00007f018400a000 JavaThread "DestroyJavaVM" [_thread_blocked, id=12345, stack(0x00007f018c71e000,0x00007f018c81f000)]
  0x00007f018438c000 JavaThread "AWT-EventQueue-0" [_thread_blocked, id=12369, stack(0x00007f0131af6000,0x00007f0131bf7000)]
=>0x00007f0184365800 JavaThread "AWT-XAWT" daemon [_thread_in_native, id=12365, stack(0x00007f0140c89000,0x00007f0140d8a000)]
  0x00007f01842b0800 JavaThread "Java2D Disposer" daemon [_thread_blocked, id=12359, stack(0x00007f0141479000,0x00007f014157a000)]
  0x00007f0184259800 JavaThread "MySQL Statement Cancellation Timer" daemon [_thread_blocked, id=12358, stack(0x00007f014e437000,0x00007f014e538000)]
  0x00007f01840ae800 JavaThread "Service Thread" daemon [_thread_blocked, id=12356, stack(0x00007f01701e9000,0x00007f01702ea000)]
  0x00007f01840ac800 JavaThread "C2 CompilerThread1" daemon [_thread_blocked, id=12355, stack(0x00007f01702ea000,0x00007f01703eb000)]
  0x00007f01840a9800 JavaThread "C2 CompilerThread0" daemon [_thread_blocked, id=12354, stack(0x00007f01703eb000,0x00007f01704ec000)]
  0x00007f01840a7000 JavaThread "Signal Dispatcher" daemon [_thread_blocked, id=12353, stack(0x00007f01704ec000,0x00007f01705ed000)]
  0x00007f018407c000 JavaThread "Finalizer" daemon [_thread_blocked, id=12352, stack(0x00007f018004c000,0x00007f018014d000)]
  0x00007f018407a000 JavaThread "Reference Handler" daemon [_thread_blocked, id=12351, stack(0x00007f018014d000,0x00007f018024e000)]

Other Threads:
  0x00007f0184075800 VMThread [stack: 0x00007f018024e000,0x00007f018034f000] [id=12350]
  0x00007f01840c1800 WatcherThread [stack: 0x00007f01700e8000,0x00007f01701e9000] [id=12357]

VM state:not at safepoint (normal execution)

VM Mutex/Monitor currently owned by a thread: None

Heap
 PSYoungGen      total 28160K, used 12895K [0x00000000e1500000, 0x00000000e3400000, 0x0000000100000000)
  eden space 24576K, 38% used [0x00000000e1500000,0x00000000e1e1f9a0,0x00000000e2d00000)
  from space 3584K, 99% used [0x00000000e2d00000,0x00000000e30784d8,0x00000000e3080000)
  to   space 3584K, 0% used [0x00000000e3080000,0x00000000e3080000,0x00000000e3400000)
 ParOldGen       total 62464K, used 728K [0x00000000a4000000, 0x00000000a7d00000, 0x00000000e1500000)
  object space 62464K, 1% used [0x00000000a4000000,0x00000000a40b60e8,0x00000000a7d00000)
 PSPermGen       total 21504K, used 14434K [0x0000000099a00000, 0x000000009af00000, 0x00000000a4000000)
  object space 21504K, 67% used [0x0000000099a00000,0x000000009a818be8,0x000000009af00000)

Card table byte_map: [0x00007f0188f89000,0x00007f01892bd000] byte_map_base: 0x00007f0188abc000

Polling page: 0x00007f018c84d000

Code Cache  [0x00007f0181000000, 0x00007f0181270000, 0x00007f0184000000)
 total_blobs=656 nmethods=142 adapters=467 free_code_cache=48299Kb largest_free_block=49417600

Compilation events (10 events):
Event: 643,809 Thread 0x00007f01840a9800  143             sun.awt.SunToolkit::awtLock (7 bytes)
Event: 643,811 Thread 0x00007f01840a9800 nmethod 143 0x00007f01810cdf10 code [0x00007f01810ce060, 0x00007f01810ce1d8]
Event: 1700,846 Thread 0x00007f01840ac800  144             sun.awt.X11.XToolkit::getDisplay (4 bytes)
Event: 1700,847 Thread 0x00007f01840ac800 nmethod 144 0x00007f01810da050 code [0x00007f01810da180, 0x00007f01810da1d8]
Event: 3278,464 Thread 0x00007f01840ac800  147             sun.util.logging.PlatformLogger$Level::valueOf (152 bytes)
Event: 3278,464 Thread 0x00007f01840a9800  146             sun.util.logging.PlatformLogger::isLoggable (9 bytes)
Event: 3278,466 Thread 0x00007f01840ac800 nmethod 147 0x00007f0181074790 code [0x00007f0181074900, 0x00007f0181074ad8]
Event: 3278,466 Thread 0x00007f01840ac800  148             sun.util.logging.PlatformLogger::isLoggable (38 bytes)
Event: 3278,468 Thread 0x00007f01840ac800 nmethod 148 0x00007f01810742d0 code [0x00007f0181074420, 0x00007f0181074578]
Event: 3278,468 Thread 0x00007f01840a9800 nmethod 146 0x00007f0181073ad0 code [0x00007f0181073c60, 0x00007f0181073f78]

GC Heap History (2 events):
Event: 15,155 GC heap before
{Heap before GC invocations=1 (full 0):
 PSYoungGen      total 28160K, used 24576K [0x00000000e1500000, 0x00000000e3400000, 0x0000000100000000)
  eden space 24576K, 100% used [0x00000000e1500000,0x00000000e2d00000,0x00000000e2d00000)
  from space 3584K, 0% used [0x00000000e3080000,0x00000000e3080000,0x00000000e3400000)
  to   space 3584K, 0% used [0x00000000e2d00000,0x00000000e2d00000,0x00000000e3080000)
 ParOldGen       total 62464K, used 0K [0x00000000a4000000, 0x00000000a7d00000, 0x00000000e1500000)
  object space 62464K, 0% used [0x00000000a4000000,0x00000000a4000000,0x00000000a7d00000)
 PSPermGen       total 21504K, used 13718K [0x0000000099a00000, 0x000000009af00000, 0x00000000a4000000)
  object space 21504K, 63% used [0x0000000099a00000,0x000000009a765920,0x000000009af00000)
Event: 15,164 GC heap after
Heap after GC invocations=1 (full 0):
 PSYoungGen      total 28160K, used 3553K [0x00000000e1500000, 0x00000000e3400000, 0x0000000100000000)
  eden space 24576K, 0% used [0x00000000e1500000,0x00000000e1500000,0x00000000e2d00000)
  from space 3584K, 99% used [0x00000000e2d00000,0x00000000e30784d8,0x00000000e3080000)
  to   space 3584K, 0% used [0x00000000e3080000,0x00000000e3080000,0x00000000e3400000)
 ParOldGen       total 62464K, used 728K [0x00000000a4000000, 0x00000000a7d00000, 0x00000000e1500000)
  object space 62464K, 1% used [0x00000000a4000000,0x00000000a40b60e8,0x00000000a7d00000)
 PSPermGen       total 21504K, used 13718K [0x0000000099a00000, 0x000000009af00000, 0x00000000a4000000)
  object space 21504K, 63% used [0x0000000099a00000,0x000000009a765920,0x000000009af00000)
}

Deoptimization events (10 events):
Event: 4,000 Thread 0x00007f018400a000 Uncommon trap: reason=bimorphic action=maybe_recompile pc=0x00007f0181076c58 method=java.util.Properties$LineReader.readLine()I @ 402
Event: 4,002 Thread 0x00007f018400a000 Uncommon trap: reason=bimorphic action=maybe_recompile pc=0x00007f0181076c58 method=java.util.Properties$LineReader.readLine()I @ 402
Event: 4,252 Thread 0x00007f018400a000 Uncommon trap: reason=unstable_if action=reinterpret pc=0x00007f018106976c method=java.util.Properties.loadConvert([CII[C)Ljava/lang/String; @ 72
Event: 4,267 Thread 0x00007f018400a000 Uncommon trap: reason=bimorphic action=maybe_recompile pc=0x00007f0181076c58 method=java.util.Properties$LineReader.readLine()I @ 402
Event: 4,454 Thread 0x00007f018400a000 Uncommon trap: reason=unstable_if action=reinterpret pc=0x00007f0181088f50 method=java.util.HashMap.put(Ljava/lang/Object;Ljava/lang/Object;)Ljava/lang/Object; @ 77
Event: 12,511 Thread 0x00007f018400a000 Uncommon trap: reason=unstable_if action=reinterpret pc=0x00007f01810a0880 method=java.lang.CharacterData.of(I)Ljava/lang/CharacterData; @ 4
Event: 14,556 Thread 0x00007f0128005800 Uncommon trap: reason=unstable_if action=reinterpret pc=0x00007f018109fddc method=java.lang.String.startsWith(Ljava/lang/String;I)Z @ 25
Event: 14,565 Thread 0x00007f0128005800 Uncommon trap: reason=unstable_if action=reinterpret pc=0x00007f01810aa99c method=java.lang.AbstractStringBuilder.append(Ljava/lang/String;)Ljava/lang/AbstractStringBuilder; @ 1
Event: 14,577 Thread 0x00007f0128005800 Uncommon trap: reason=unstable_if action=reinterpret pc=0x00007f018109f354 method=java.lang.AbstractStringBuilder.append(Ljava/lang/String;)Ljava/lang/AbstractStringBuilder; @ 1
Event: 15,217 Thread 0x00007f0128005800 Uncommon trap: reason=unstable_if action=reinterpret pc=0x00007f01810c99ac method=sun.java2d.pisces.Renderer.emitRow([IIII)V @ 10

Internal exceptions (10 events):
Event: 14,389 Thread 0x00007f018438e000 Threw 0x00000000e29ce6b0 at /build/openjdk-7-UoaBYD/openjdk-7-7u95-2.6.4/build/openjdk/hotspot/src/share/vm/prims/jvm.cpp:1322
Event: 14,553 Thread 0x00007f0128005800 Threw 0x00000000e2bbb820 at /build/openjdk-7-UoaBYD/openjdk-7-7u95-2.6.4/build/openjdk/hotspot/src/share/vm/prims/jvm.cpp:1322
Event: 14,553 Thread 0x00007f0128005800 Threw 0x00000000e2bbd238 at /build/openjdk-7-UoaBYD/openjdk-7-7u95-2.6.4/build/openjdk/hotspot/src/share/vm/prims/jvm.cpp:1322
Event: 14,556 Thread 0x00007f0128005800 Threw 0x00000000e2bc4e48 at /build/openjdk-7-UoaBYD/openjdk-7-7u95-2.6.4/build/openjdk/hotspot/src/share/vm/prims/jvm.cpp:1322
Event: 14,556 Thread 0x00007f0128005800 Threw 0x00000000e2bc6860 at /build/openjdk-7-UoaBYD/openjdk-7-7u95-2.6.4/build/openjdk/hotspot/src/share/vm/prims/jvm.cpp:1322
Event: 14,565 Thread 0x00007f0128005800 Implicit null exception at 0x00007f01810aa625 to 0x00007f01810aa989
Event: 14,577 Thread 0x00007f0128005800 Implicit null exception at 0x00007f018109efe5 to 0x00007f018109f341
Event: 14,614 Thread 0x00007f0128005800 Threw 0x00000000e2bfdaf8 at /build/openjdk-7-UoaBYD/openjdk-7-7u95-2.6.4/build/openjdk/hotspot/src/share/vm/prims/jvm.cpp:1322
Event: 14,632 Thread 0x00007f0128005800 Threw 0x00000000e2c088f0 at /build/openjdk-7-UoaBYD/openjdk-7-7u95-2.6.4/build/openjdk/hotspot/src/share/vm/prims/jvm.cpp:1322
Event: 16,032 Thread 0x00007f0128005800 Threw 0x00000000e1c31358 at /build/openjdk-7-UoaBYD/openjdk-7-7u95-2.6.4/build/openjdk/hotspot/src/share/vm/prims/jni.cpp:747

Events (10 events):
Event: 3612,307 Thread 0x00007f0158001000 Thread added: 0x00007f0158001000
Event: 3612,308 Executing VM operation: RevokeBias
Event: 3612,308 Thread 0x00007f0158002000 Thread added: 0x00007f0158002000
Event: 3612,315 Executing VM operation: RevokeBias done
Event: 3612,315 Executing VM operation: RevokeBias
Event: 3612,315 Executing VM operation: RevokeBias done
Event: 3612,316 Thread 0x00007f0138001000 Thread added: 0x00007f0138001000
Event: 3612,316 loading class 0x00007f015c23a5a0
Event: 3612,316 Executing VM operation: RevokeBias
Event: 3612,316 Executing VM operation: RevokeBias done


Dynamic libraries:
00400000-00401000 r-xp 00000000 08:06 4458650                            /usr/lib/jvm/java-7-openjdk-amd64/jre/bin/java
00600000-00601000 r--p 00000000 08:06 4458650                            /usr/lib/jvm/java-7-openjdk-amd64/jre/bin/java
00601000-00602000 rw-p 00001000 08:06 4458650                            /usr/lib/jvm/java-7-openjdk-amd64/jre/bin/java
01a1a000-01a3b000 rw-p 00000000 00:00 0                                  [heap]
99a00000-9af00000 rw-p 00000000 00:00 0 
9af00000-a4000000 rw-p 00000000 00:00 0 
a4000000-a7d00000 rw-p 00000000 00:00 0 
a7d00000-e1500000 rw-p 00000000 00:00 0 
e1500000-e3400000 rw-p 00000000 00:00 0 
e3400000-100000000 rw-p 00000000 00:00 0 
7f011c000000-7f011c0cc000 rw-p 00000000 00:00 0 
7f011c0cc000-7f0120000000 ---p 00000000 00:00 0 
7f0120000000-7f0120021000 rw-p 00000000 00:00 0 
7f0120021000-7f0124000000 ---p 00000000 00:00 0 
7f0124000000-7f0124021000 rw-p 00000000 00:00 0 
7f0124021000-7f0128000000 ---p 00000000 00:00 0 
7f0128000000-7f0128021000 rw-p 00000000 00:00 0 
7f0128021000-7f012c000000 ---p 00000000 00:00 0 
7f012c000000-7f012c021000 rw-p 00000000 00:00 0 
7f012c021000-7f0130000000 ---p 00000000 00:00 0 
7f0130e79000-7f01310f3000 rw-s 00000000 00:05 6127672                    /SYSV00000000 (deleted)
7f01310f3000-7f01310f6000 ---p 00000000 00:00 0 
7f01310f6000-7f01318f4000 rw-p 00000000 00:00 0                          [stack:12372]
7f01318f4000-7f01318f7000 ---p 00000000 00:00 0 
7f01318f7000-7f01319f5000 rw-p 00000000 00:00 0                          [stack:14145]
7f01319f5000-7f01319f8000 ---p 00000000 00:00 0 
7f01319f8000-7f0131af6000 rw-p 00000000 00:00 0                          [stack:14161]
7f0131af6000-7f0131af9000 ---p 00000000 00:00 0 
7f0131af9000-7f0131bf7000 rw-p 00000000 00:00 0                          [stack:12369]
7f0131bf7000-7f0131bfa000 ---p 00000000 00:00 0 
7f0131bfa000-7f0131cf8000 rw-p 00000000 00:00 0                          [stack:14149]
7f0131cf8000-7f0131d1b000 r-xp 00000000 08:06 3952608                    /usr/lib/x86_64-linux-gnu/libgraphite2.so.3.0.1
7f0131d1b000-7f0131f1a000 ---p 00023000 08:06 3952608                    /usr/lib/x86_64-linux-gnu/libgraphite2.so.3.0.1
7f0131f1a000-7f0131f1c000 r--p 00022000 08:06 3952608                    /usr/lib/x86_64-linux-gnu/libgraphite2.so.3.0.1
7f0131f1c000-7f0131f1d000 rw-p 00024000 08:06 3952608                    /usr/lib/x86_64-linux-gnu/libgraphite2.so.3.0.1
7f0131f1d000-7f0131f23000 r-xp 00000000 08:06 3932776                    /usr/lib/x86_64-linux-gnu/libdatrie.so.1.3.2
7f0131f23000-7f0132122000 ---p 00006000 08:06 3932776                    /usr/lib/x86_64-linux-gnu/libdatrie.so.1.3.2
7f0132122000-7f0132123000 r--p 00005000 08:06 3932776                    /usr/lib/x86_64-linux-gnu/libdatrie.so.1.3.2
7f0132123000-7f0132124000 rw-p 00006000 08:06 3932776                    /usr/lib/x86_64-linux-gnu/libdatrie.so.1.3.2
7f0132124000-7f0132180000 r-xp 00000000 08:06 3952614                    /usr/lib/x86_64-linux-gnu/libharfbuzz.so.0.10000.1
7f0132180000-7f0132380000 ---p 0005c000 08:06 3952614                    /usr/lib/x86_64-linux-gnu/libharfbuzz.so.0.10000.1
7f0132380000-7f0132381000 r--p 0005c000 08:06 3952614                    /usr/lib/x86_64-linux-gnu/libharfbuzz.so.0.10000.1
7f0132381000-7f0132382000 rw-p 0005d000 08:06 3952614                    /usr/lib/x86_64-linux-gnu/libharfbuzz.so.0.10000.1
7f0132382000-7f013238a000 r-xp 00000000 08:06 3952622                    /usr/lib/x86_64-linux-gnu/libxcb-render.so.0.0.0
7f013238a000-7f013258a000 ---p 00008000 08:06 3952622                    /usr/lib/x86_64-linux-gnu/libxcb-render.so.0.0.0
7f013258a000-7f013258b000 r--p 00008000 08:06 3952622                    /usr/lib/x86_64-linux-gnu/libxcb-render.so.0.0.0
7f013258b000-7f013258c000 rw-p 00009000 08:06 3952622                    /usr/lib/x86_64-linux-gnu/libxcb-render.so.0.0.0
7f013258c000-7f013258e000 r-xp 00000000 08:06 3957884                    /usr/lib/x86_64-linux-gnu/libxcb-shm.so.0.0.0
7f013258e000-7f013278e000 ---p 00002000 08:06 3957884                    /usr/lib/x86_64-linux-gnu/libxcb-shm.so.0.0.0
7f013278e000-7f013278f000 r--p 00002000 08:06 3957884                    /usr/lib/x86_64-linux-gnu/libxcb-shm.so.0.0.0
7f013278f000-7f0132790000 rw-p 00003000 08:06 3957884                    /usr/lib/x86_64-linux-gnu/libxcb-shm.so.0.0.0
7f0132790000-7f0132835000 r-xp 00000000 08:06 3941826                    /usr/lib/x86_64-linux-gnu/libpixman-1.so.0.32.6
7f0132835000-7f0132a34000 ---p 000a5000 08:06 3941826                    /usr/lib/x86_64-linux-gnu/libpixman-1.so.0.32.6
7f0132a34000-7f0132a3c000 r--p 000a4000 08:06 3941826                    /usr/lib/x86_64-linux-gnu/libpixman-1.so.0.32.6
7f0132a3c000-7f0132a3d000 rw-p 000ac000 08:06 3941826                    /usr/lib/x86_64-linux-gnu/libpixman-1.so.0.32.6
7f0132a3d000-7f0132a45000 r-xp 00000000 08:06 3940029                    /usr/lib/x86_64-linux-gnu/libthai.so.0.2.2
7f0132a45000-7f0132c44000 ---p 00008000 08:06 3940029                    /usr/lib/x86_64-linux-gnu/libthai.so.0.2.2
7f0132c44000-7f0132c45000 r--p 00007000 08:06 3940029                    /usr/lib/x86_64-linux-gnu/libthai.so.0.2.2
7f0132c45000-7f0132c46000 rw-p 00008000 08:06 3940029                    /usr/lib/x86_64-linux-gnu/libthai.so.0.2.2
7f0132c46000-7f0132c5a000 r-xp 00000000 08:06 3941805                    /usr/lib/x86_64-linux-gnu/libpangoft2-1.0.so.0.3600.8
7f0132c5a000-7f0132e5a000 ---p 00014000 08:06 3941805                    /usr/lib/x86_64-linux-gnu/libpangoft2-1.0.so.0.3600.8
7f0132e5a000-7f0132e5b000 r--p 00014000 08:06 3941805                    /usr/lib/x86_64-linux-gnu/libpangoft2-1.0.so.0.3600.8
7f0132e5b000-7f0132e5c000 rw-p 00015000 08:06 3941805                    /usr/lib/x86_64-linux-gnu/libpangoft2-1.0.so.0.3600.8
7f0132e5c000-7f0132f6a000 r-xp 00000000 08:06 3957912                    /usr/lib/x86_64-linux-gnu/libcairo.so.2.11400.2
7f0132f6a000-7f0133169000 ---p 0010e000 08:06 3957912                    /usr/lib/x86_64-linux-gnu/libcairo.so.2.11400.2
7f0133169000-7f013316c000 r--p 0010d000 08:06 3957912                    /usr/lib/x86_64-linux-gnu/libcairo.so.2.11400.2
7f013316c000-7f013316d000 rw-p 00110000 08:06 3957912                    /usr/lib/x86_64-linux-gnu/libcairo.so.2.11400.2
7f013316d000-7f013316f000 rw-p 00000000 00:00 0 
7f013316f000-7f0133171000 r-xp 00000000 08:06 3941009                    /usr/lib/x86_64-linux-gnu/libXdamage.so.1.1.0
7f0133171000-7f0133370000 ---p 00002000 08:06 3941009                    /usr/lib/x86_64-linux-gnu/libXdamage.so.1.1.0
7f0133370000-7f0133371000 r--p 00001000 08:06 3941009                    /usr/lib/x86_64-linux-gnu/libXdamage.so.1.1.0
7f0133371000-7f0133372000 rw-p 00002000 08:06 3941009                    /usr/lib/x86_64-linux-gnu/libXdamage.so.1.1.0
7f0133372000-7f0133374000 r-xp 00000000 08:06 3941005                    /usr/lib/x86_64-linux-gnu/libXcomposite.so.1.0.0
7f0133374000-7f0133573000 ---p 00002000 08:06 3941005                    /usr/lib/x86_64-linux-gnu/libXcomposite.so.1.0.0
7f0133573000-7f0133574000 r--p 00001000 08:06 3941005                    /usr/lib/x86_64-linux-gnu/libXcomposite.so.1.0.0
7f0133574000-7f0133575000 rw-p 00002000 08:06 3941005                    /usr/lib/x86_64-linux-gnu/libXcomposite.so.1.0.0
7f0133575000-7f013357f000 r-xp 00000000 08:06 3957930                    /usr/lib/x86_64-linux-gnu/libXrandr.so.2.2.0
7f013357f000-7f013377e000 ---p 0000a000 08:06 3957930                    /usr/lib/x86_64-linux-gnu/libXrandr.so.2.2.0
7f013377e000-7f013377f000 r--p 00009000 08:06 3957930                    /usr/lib/x86_64-linux-gnu/libXrandr.so.2.2.0
7f013377f000-7f0133780000 rw-p 0000a000 08:06 3957930                    /usr/lib/x86_64-linux-gnu/libXrandr.so.2.2.0
7f0133780000-7f0133782000 r-xp 00000000 08:06 3941023                    /usr/lib/x86_64-linux-gnu/libXinerama.so.1.0.0
7f0133782000-7f0133981000 ---p 00002000 08:06 3941023                    /usr/lib/x86_64-linux-gnu/libXinerama.so.1.0.0
7f0133981000-7f0133982000 r--p 00001000 08:06 3941023                    /usr/lib/x86_64-linux-gnu/libXinerama.so.1.0.0
7f0133982000-7f0133983000 rw-p 00002000 08:06 3941023                    /usr/lib/x86_64-linux-gnu/libXinerama.so.1.0.0
7f0133983000-7f01339a4000 r-xp 00000000 08:06 3957904                    /usr/lib/x86_64-linux-gnu/libgdk_pixbuf-2.0.so.0.3200.1
7f01339a4000-7f0133ba3000 ---p 00021000 08:06 3957904                    /usr/lib/x86_64-linux-gnu/libgdk_pixbuf-2.0.so.0.3200.1
7f0133ba3000-7f0133ba4000 r--p 00020000 08:06 3957904                    /usr/lib/x86_64-linux-gnu/libgdk_pixbuf-2.0.so.0.3200.1
7f0133ba4000-7f0133ba5000 rw-p 00021000 08:06 3957904                    /usr/lib/x86_64-linux-gnu/libgdk_pixbuf-2.0.so.0.3200.1
7f0133ba5000-7f0133bf0000 r-xp 00000000 08:06 3941801                    /usr/lib/x86_64-linux-gnu/libpango-1.0.so.0.3600.8
7f0133bf0000-7f0133df0000 ---p 0004b000 08:06 3941801                    /usr/lib/x86_64-linux-gnu/libpango-1.0.so.0.3600.8
7f0133df0000-7f0133df2000 r--p 0004b000 08:06 3941801                    /usr/lib/x86_64-linux-gnu/libpango-1.0.so.0.3600.8
7f0133df2000-7f0133df3000 rw-p 0004d000 08:06 3941801                    /usr/lib/x86_64-linux-gnu/libpango-1.0.so.0.3600.8
7f0133df3000-7f0133dff000 r-xp 00000000 08:06 3941803                    /usr/lib/x86_64-linux-gnu/libpangocairo-1.0.so.0.3600.8
7f0133dff000-7f0133ffe000 ---p 0000c000 08:06 3941803                    /usr/lib/x86_64-linux-gnu/libpangocairo-1.0.so.0.3600.8
7f0133ffe000-7f0133fff000 r--p 0000b000 08:06 3941803                    /usr/lib/x86_64-linux-gnu/libpangocairo-1.0.so.0.3600.8
7f0133fff000-7f0134000000 rw-p 0000c000 08:06 3941803                    /usr/lib/x86_64-linux-gnu/libpangocairo-1.0.so.0.3600.8
7f0134000000-7f0134021000 rw-p 00000000 00:00 0 
7f0134021000-7f0138000000 ---p 00000000 00:00 0 
7f0138000000-7f0138021000 rw-p 00000000 00:00 0 
7f0138021000-7f013c000000 ---p 00000000 00:00 0 
7f013c000000-7f013c021000 rw-p 00000000 00:00 0 
7f013c021000-7f0140000000 ---p 00000000 00:00 0 
7f01400fe000-7f014012a000 r-xp 00000000 08:06 3941258                    /usr/lib/x86_64-linux-gnu/libatspi.so.0.0.1
7f014012a000-7f014032a000 ---p 0002c000 08:06 3941258                    /usr/lib/x86_64-linux-gnu/libatspi.so.0.0.1
7f014032a000-7f014032e000 r--p 0002c000 08:06 3941258                    /usr/lib/x86_64-linux-gnu/libatspi.so.0.0.1
7f014032e000-7f014032f000 rw-p 00030000 08:06 3941258                    /usr/lib/x86_64-linux-gnu/libatspi.so.0.0.1
7f014032f000-7f01403df000 r-xp 00000000 08:06 3932682                    /usr/lib/x86_64-linux-gnu/libgdk-x11-2.0.so.0.2400.28
7f01403df000-7f01405de000 ---p 000b0000 08:06 3932682                    /usr/lib/x86_64-linux-gnu/libgdk-x11-2.0.so.0.2400.28
7f01405de000-7f01405e2000 r--p 000af000 08:06 3932682                    /usr/lib/x86_64-linux-gnu/libgdk-x11-2.0.so.0.2400.28
7f01405e2000-7f01405e4000 rw-p 000b3000 08:06 3932682                    /usr/lib/x86_64-linux-gnu/libgdk-x11-2.0.so.0.2400.28
7f01405e4000-7f0140610000 r-xp 00000000 08:06 3941099                    /usr/lib/x86_64-linux-gnu/libatk-bridge-2.0.so.0.0.0
7f0140610000-7f0140810000 ---p 0002c000 08:06 3941099                    /usr/lib/x86_64-linux-gnu/libatk-bridge-2.0.so.0.0.0
7f0140810000-7f0140811000 r--p 0002c000 08:06 3941099                    /usr/lib/x86_64-linux-gnu/libatk-bridge-2.0.so.0.0.0
7f0140811000-7f0140813000 rw-p 0002d000 08:06 3941099                    /usr/lib/x86_64-linux-gnu/libatk-bridge-2.0.so.0.0.0
7f0140813000-7f0140835000 r-xp 00000000 08:06 3932556                    /usr/lib/x86_64-linux-gnu/libatk-1.0.so.0.21609.1
7f0140835000-7f0140a34000 ---p 00022000 08:06 3932556                    /usr/lib/x86_64-linux-gnu/libatk-1.0.so.0.21609.1
7f0140a34000-7f0140a37000 r--p 00021000 08:06 3932556                    /usr/lib/x86_64-linux-gnu/libatk-1.0.so.0.21609.1
7f0140a37000-7f0140a38000 rw-p 00024000 08:06 3932556                    /usr/lib/x86_64-linux-gnu/libatk-1.0.so.0.21609.1
7f0140a38000-7f0140a4e000 r-xp 00000000 08:06 4066401                    /usr/lib/x86_64-linux-gnu/jni/libatk-wrapper.so.6.0.0
7f0140a4e000-7f0140c4e000 ---p 00016000 08:06 4066401                    /usr/lib/x86_64-linux-gnu/jni/libatk-wrapper.so.6.0.0
7f0140c4e000-7f0140c4f000 r--p 00016000 08:06 4066401                    /usr/lib/x86_64-linux-gnu/jni/libatk-wrapper.so.6.0.0
7f0140c4f000-7f0140c50000 rw-p 00017000 08:06 4066401                    /usr/lib/x86_64-linux-gnu/jni/libatk-wrapper.so.6.0.0
7f0140c50000-7f0140c53000 ---p 00000000 00:00 0 
7f0140c53000-7f0140c89000 rw-p 00000000 00:00 0 
7f0140c89000-7f0140c8c000 ---p 00000000 00:00 0 
7f0140c8c000-7f0140d8a000 rw-p 00000000 00:00 0                          [stack:12365]
7f0140d8a000-7f0140d8f000 r-xp 00000000 08:06 3941015                    /usr/lib/x86_64-linux-gnu/libXfixes.so.3.1.0
7f0140d8f000-7f0140f8e000 ---p 00005000 08:06 3941015                    /usr/lib/x86_64-linux-gnu/libXfixes.so.3.1.0
7f0140f8e000-7f0140f8f000 r--p 00004000 08:06 3941015                    /usr/lib/x86_64-linux-gnu/libXfixes.so.3.1.0
7f0140f8f000-7f0140f90000 rw-p 00005000 08:06 3941015                    /usr/lib/x86_64-linux-gnu/libXfixes.so.3.1.0
7f0140f90000-7f0140f99000 r-xp 00000000 08:06 3941007                    /usr/lib/x86_64-linux-gnu/libXcursor.so.1.0.2
7f0140f99000-7f0141198000 ---p 00009000 08:06 3941007                    /usr/lib/x86_64-linux-gnu/libXcursor.so.1.0.2
7f0141198000-7f0141199000 r--p 00008000 08:06 3941007                    /usr/lib/x86_64-linux-gnu/libXcursor.so.1.0.2
7f0141199000-7f014119a000 rw-p 00009000 08:06 3941007                    /usr/lib/x86_64-linux-gnu/libXcursor.so.1.0.2
7f01411c1000-7f01411c4000 r--p 00000000 08:06 4853148                    /usr/share/locale-langpack/es/LC_MESSAGES/atk10.mo
7f01413e1000-7f01413ec000 r--s 00000000 08:06 3407999                    /var/cache/fontconfig/945677eb7aeaf62f1d50efc3fb3ec7d8-le64.cache-4
7f01413ec000-7f01413ee000 r--s 00000000 08:06 3424050                    /var/cache/fontconfig/99e8ed0e538f840c565b6ed5dad60d56-le64.cache-4
7f01413ee000-7f01413f0000 r--s 00000000 08:06 3423497                    /var/cache/fontconfig/a6d8cf8e4ec09cdbc8633c31745a07dd-le64.cache-4
7f01413f0000-7f01413f6000 r--s 00000000 08:06 3411758                    /var/cache/fontconfig/2cd17615ca594fa2959ae173292e504c-le64.cache-4
7f01413f6000-7f01413f7000 r--s 00000000 08:06 3407981                    /var/cache/fontconfig/0d8c3b2ac0904cb8a57a757ad11a4a08-le64.cache-4
7f01413f7000-7f01413fe000 r--s 00000000 08:06 3408003                    /var/cache/fontconfig/a755afe4a08bf5b97852ceb7400b47bc-le64.cache-4
7f01413fe000-7f0141402000 r--s 00000000 08:06 3417145                    /var/cache/fontconfig/de156ccd2eddbdc19d37a45b8b2aac9c-le64.cache-4
7f0141402000-7f0141403000 r--s 00000000 08:06 3408002                    /var/cache/fontconfig/a6354e3ac43af67bd8d7b8e43c34e49f-le64.cache-4
7f0141403000-7f0141419000 r--s 00000000 08:06 3407979                    /var/cache/fontconfig/04aabc0a78ac019cf9454389977116d2-le64.cache-4
7f0141419000-7f014141a000 r--s 00000000 08:06 3407983                    /var/cache/fontconfig/1ac9eb803944fde146138c791f5cc56a-le64.cache-4
7f014141a000-7f014141e000 r--s 00000000 08:06 3407987                    /var/cache/fontconfig/385c0604a188198f04d133e54aba7fe7-le64.cache-4
7f014141e000-7f014141f000 r--s 00000000 08:06 3408014                    /var/cache/fontconfig/dc05db6664285cc2f12bf69c139ae4c3-le64.cache-4
7f014141f000-7f0141421000 r--s 00000000 08:06 3407996                    /var/cache/fontconfig/767a8244fc0220cfb567a839d0392e0b-le64.cache-4
7f0141421000-7f0141422000 r--s 00000000 08:06 3410540                    /var/cache/fontconfig/4794a0821666d79190d59a36cb4f44b5-le64.cache-4
7f0141422000-7f0141427000 r--s 00000000 08:06 3407998                    /var/cache/fontconfig/8801497958630a81b71ace7c5f9b32a8-le64.cache-4
7f0141427000-7f014142b000 r--s 00000000 08:06 3409358                    /var/cache/fontconfig/c57959a16110560c8d0fcea73374aeeb-le64.cache-4
7f014142b000-7f014142c000 r--s 00000000 08:06 3408006                    /var/cache/fontconfig/bab58bb527bb656aaa9f116d68a48d89-le64.cache-4
7f014142c000-7f0141433000 r--s 00000000 08:06 3407985                    /var/cache/fontconfig/3047814df9a2f067bd2d96a2b9c36e5a-le64.cache-4
7f0141433000-7f0141434000 r--s 00000000 08:06 3407992                    /var/cache/fontconfig/56cf4f4769d0f4abc89a4895d7bd3ae1-le64.cache-4
7f0141434000-7f0141435000 r--s 00000000 08:06 3408005                    /var/cache/fontconfig/b9d506c9ac06c20b433354fa67a72993-le64.cache-4
7f0141435000-7f014143b000 r--s 00000000 08:06 3408004                    /var/cache/fontconfig/b47c4e1ecd0709278f4910c18777a504-le64.cache-4
7f014143b000-7f014144e000 r--s 00000000 08:06 3408011                    /var/cache/fontconfig/d52a8644073d54c13679302ca1180695-le64.cache-4
7f014144e000-7f0141458000 r--s 00000000 08:06 3407988                    /var/cache/fontconfig/3f7329c5293ffd510edef78f73874cfd-le64.cache-4
7f0141458000-7f0141463000 r--s 00000000 08:06 3409347                    /var/cache/fontconfig/d589a48862398ed80a3d6066f4f56f4c-le64.cache-4
7f0141479000-7f014147c000 ---p 00000000 00:00 0 
7f014147c000-7f014157a000 rw-p 00000000 00:00 0                          [stack:12359]
7f014157a000-7f01415cc000 r-xp 00000000 08:06 4458670                    /usr/lib/jvm/java-7-openjdk-amd64/jre/lib/amd64/libfontmanager.so
7f01415cc000-7f01417cc000 ---p 00052000 08:06 4458670                    /usr/lib/jvm/java-7-openjdk-amd64/jre/lib/amd64/libfontmanager.so
7f01417cc000-7f01417ce000 r--p 00052000 08:06 4458670                    /usr/lib/jvm/java-7-openjdk-amd64/jre/lib/amd64/libfontmanager.so
7f01417ce000-7f01417cf000 rw-p 00054000 08:06 4458670                    /usr/lib/jvm/java-7-openjdk-amd64/jre/lib/amd64/libfontmanager.so
7f01417cf000-7f01417e1000 r-xp 00000000 08:06 131167                     /lib/x86_64-linux-gnu/libgpg-error.so.0.15.0
7f01417e1000-7f01419e0000 ---p 00012000 08:06 131167                     /lib/x86_64-linux-gnu/libgpg-error.so.0.15.0
7f01419e0000-7f01419e1000 r--p 00011000 08:06 131167                     /lib/x86_64-linux-gnu/libgpg-error.so.0.15.0
7f01419e1000-7f01419e2000 rw-p 00012000 08:06 131167                     /lib/x86_64-linux-gnu/libgpg-error.so.0.15.0
7f01419e2000-7f0141aba000 r-xp 00000000 08:06 131169                     /lib/x86_64-linux-gnu/libgcrypt.so.20.0.3
7f0141aba000-7f0141cba000 ---p 000d8000 08:06 131169                     /lib/x86_64-linux-gnu/libgcrypt.so.20.0.3
7f0141cba000-7f0141cbb000 r--p 000d8000 08:06 131169                     /lib/x86_64-linux-gnu/libgcrypt.so.20.0.3
7f0141cbb000-7f0141cc3000 rw-p 000d9000 08:06 131169                     /lib/x86_64-linux-gnu/libgcrypt.so.20.0.3
7f0141cc3000-7f0141cc4000 rw-p 00000000 00:00 0 
7f0141cc4000-7f0141ce5000 r-xp 00000000 08:06 135561                     /lib/x86_64-linux-gnu/liblzma.so.5.0.0
7f0141ce5000-7f0141ee4000 ---p 00021000 08:06 135561                     /lib/x86_64-linux-gnu/liblzma.so.5.0.0
7f0141ee4000-7f0141ee5000 r--p 00020000 08:06 135561                     /lib/x86_64-linux-gnu/liblzma.so.5.0.0
7f0141ee5000-7f0141ee6000 rw-p 00021000 08:06 135561                     /lib/x86_64-linux-gnu/liblzma.so.5.0.0
7f0141ee6000-7f0141ee9000 r-xp 00000000 08:06 135556                     /lib/x86_64-linux-gnu/libkeyutils.so.1.5
7f0141ee9000-7f01420e8000 ---p 00003000 08:06 135556                     /lib/x86_64-linux-gnu/libkeyutils.so.1.5
7f01420e8000-7f01420e9000 r--p 00002000 08:06 135556                     /lib/x86_64-linux-gnu/libkeyutils.so.1.5
7f01420e9000-7f01420ea000 rw-p 00003000 08:06 135556                     /lib/x86_64-linux-gnu/libkeyutils.so.1.5
7f01420ea000-7f014210f000 r-xp 00000000 08:06 131178                     /lib/x86_64-linux-gnu/libpng12.so.0.51.0
7f014210f000-7f014230e000 ---p 00025000 08:06 131178                     /lib/x86_64-linux-gnu/libpng12.so.0.51.0
7f014230e000-7f014230f000 r--p 00024000 08:06 131178                     /lib/x86_64-linux-gnu/libpng12.so.0.51.0
7f014230f000-7f0142310000 rw-p 00025000 08:06 131178                     /lib/x86_64-linux-gnu/libpng12.so.0.51.0
7f0142310000-7f014235a000 r-xp 00000000 08:06 131258                     /lib/x86_64-linux-gnu/libdbus-1.so.3.14.3
7f014235a000-7f014255a000 ---p 0004a000 08:06 131258                     /lib/x86_64-linux-gnu/libdbus-1.so.3.14.3
7f014255a000-7f014255b000 r--p 0004a000 08:06 131258                     /lib/x86_64-linux-gnu/libdbus-1.so.3.14.3
7f014255b000-7f014255c000 rw-p 0004b000 08:06 131258                     /lib/x86_64-linux-gnu/libdbus-1.so.3.14.3
7f014255c000-7f01425da000 r-xp 00000000 08:06 3939754                    /usr/lib/x86_64-linux-gnu/libgmp.so.10.2.0
7f01425da000-7f01427da000 ---p 0007e000 08:06 3939754                    /usr/lib/x86_64-linux-gnu/libgmp.so.10.2.0
7f01427da000-7f01427db000 r--p 0007e000 08:06 3939754                    /usr/lib/x86_64-linux-gnu/libgmp.so.10.2.0
7f01427db000-7f01427dc000 rw-p 0007f000 08:06 3939754                    /usr/lib/x86_64-linux-gnu/libgmp.so.10.2.0
7f01427dc000-7f014280d000 r-xp 00000000 08:06 3957017                    /usr/lib/x86_64-linux-gnu/libhogweed.so.4.1
7f014280d000-7f0142a0d000 ---p 00031000 08:06 3957017                    /usr/lib/x86_64-linux-gnu/libhogweed.so.4.1
7f0142a0d000-7f0142a0e000 r--p 00031000 08:06 3957017                    /usr/lib/x86_64-linux-gnu/libhogweed.so.4.1
7f0142a0e000-7f0142a0f000 rw-p 00032000 08:06 3957017                    /usr/lib/x86_64-linux-gnu/libhogweed.so.4.1
7f0142a0f000-7f0142a43000 r-xp 00000000 08:06 3933400                    /usr/lib/x86_64-linux-gnu/libnettle.so.6.1
7f0142a43000-7f0142c42000 ---p 00034000 08:06 3933400                    /usr/lib/x86_64-linux-gnu/libnettle.so.6.1
7f0142c42000-7f0142c44000 r--p 00033000 08:06 3933400                    /usr/lib/x86_64-linux-gnu/libnettle.so.6.1
7f0142c44000-7f0142c45000 rw-p 00035000 08:06 3933400                    /usr/lib/x86_64-linux-gnu/libnettle.so.6.1
7f0142c45000-7f0142c56000 r-xp 00000000 08:06 3932182                    /usr/lib/x86_64-linux-gnu/libtasn1.so.6.4.2
7f0142c56000-7f0142e56000 ---p 00011000 08:06 3932182                    /usr/lib/x86_64-linux-gnu/libtasn1.so.6.4.2
7f0142e56000-7f0142e57000 r--p 00011000 08:06 3932182                    /usr/lib/x86_64-linux-gnu/libtasn1.so.6.4.2
7f0142e57000-7f0142e58000 rw-p 00012000 08:06 3932182                    /usr/lib/x86_64-linux-gnu/libtasn1.so.6.4.2
7f0142e58000-7f0142eb2000 r-xp 00000000 08:06 3940749                    /usr/lib/x86_64-linux-gnu/libp11-kit.so.0.1.0
7f0142eb2000-7f01430b1000 ---p 0005a000 08:06 3940749                    /usr/lib/x86_64-linux-gnu/libp11-kit.so.0.1.0
7f01430b1000-7f01430bb000 r--p 00059000 08:06 3940749                    /usr/lib/x86_64-linux-gnu/libp11-kit.so.0.1.0
7f01430bb000-7f01430bd000 rw-p 00063000 08:06 3940749                    /usr/lib/x86_64-linux-gnu/libp11-kit.so.0.1.0
7f01430bd000-7f01430c7000 r-xp 00000000 08:06 3933369                    /usr/lib/x86_64-linux-gnu/libkrb5support.so.0.1
7f01430c7000-7f01432c6000 ---p 0000a000 08:06 3933369                    /usr/lib/x86_64-linux-gnu/libkrb5support.so.0.1
7f01432c6000-7f01432c7000 r--p 00009000 08:06 3933369                    /usr/lib/x86_64-linux-gnu/libkrb5support.so.0.1
7f01432c7000-7f01432c8000 rw-p 0000a000 08:06 3933369                    /usr/lib/x86_64-linux-gnu/libkrb5support.so.0.1
7f01432c8000-7f01432cb000 r-xp 00000000 08:06 135514                     /lib/x86_64-linux-gnu/libcom_err.so.2.1
7f01432cb000-7f01434ca000 ---p 00003000 08:06 135514                     /lib/x86_64-linux-gnu/libcom_err.so.2.1
7f01434ca000-7f01434cb000 r--p 00002000 08:06 135514                     /lib/x86_64-linux-gnu/libcom_err.so.2.1
7f01434cb000-7f01434cc000 rw-p 00003000 08:06 135514                     /lib/x86_64-linux-gnu/libcom_err.so.2.1
7f01434cc000-7f01434f8000 r-xp 00000000 08:06 3933329                    /usr/lib/x86_64-linux-gnu/libk5crypto.so.3.1
7f01434f8000-7f01436f7000 ---p 0002c000 08:06 3933329                    /usr/lib/x86_64-linux-gnu/libk5crypto.so.3.1
7f01436f7000-7f01436f9000 r--p 0002b000 08:06 3933329                    /usr/lib/x86_64-linux-gnu/libk5crypto.so.3.1
7f01436f9000-7f01436fa000 rw-p 0002d000 08:06 3933329                    /usr/lib/x86_64-linux-gnu/libk5crypto.so.3.1
7f01436fa000-7f01436fb000 rw-p 00000000 00:00 0 
7f01436fb000-7f01437be000 r-xp 00000000 08:06 3935985                    /usr/lib/x86_64-linux-gnu/libkrb5.so.3.3
7f01437be000-7f01439be000 ---p 000c3000 08:06 3935985                    /usr/lib/x86_64-linux-gnu/libkrb5.so.3.3
7f01439be000-7f01439cb000 r--p 000c3000 08:06 3935985                    /usr/lib/x86_64-linux-gnu/libkrb5.so.3.3
7f01439cb000-7f01439cd000 rw-p 000d0000 08:06 3935985                    /usr/lib/x86_64-linux-gnu/libkrb5.so.3.3
7f01439cd000-7f01439d2000 r-xp 00000000 08:06 3942779                    /usr/lib/x86_64-linux-gnu/libXdmcp.so.6.0.0
7f01439d2000-7f0143bd1000 ---p 00005000 08:06 3942779                    /usr/lib/x86_64-linux-gnu/libXdmcp.so.6.0.0
7f0143bd1000-7f0143bd2000 r--p 00004000 08:06 3942779                    /usr/lib/x86_64-linux-gnu/libXdmcp.so.6.0.0
7f0143bd2000-7f0143bd3000 rw-p 00005000 08:06 3942779                    /usr/lib/x86_64-linux-gnu/libXdmcp.so.6.0.0
7f0143bd3000-7f0143bd5000 r-xp 00000000 08:06 3941000                    /usr/lib/x86_64-linux-gnu/libXau.so.6.0.0
7f0143bd5000-7f0143dd5000 ---p 00002000 08:06 3941000                    /usr/lib/x86_64-linux-gnu/libXau.so.6.0.0
7f0143dd5000-7f0143dd6000 r--p 00002000 08:06 3941000                    /usr/lib/x86_64-linux-gnu/libXau.so.6.0.0
7f0143dd6000-7f0143dd7000 rw-p 00003000 08:06 3941000                    /usr/lib/x86_64-linux-gnu/libXau.so.6.0.0
7f0143dd7000-7f0143dfd000 r-xp 00000000 08:06 131245                     /lib/x86_64-linux-gnu/libexpat.so.1.6.0
7f0143dfd000-7f0143ffd000 ---p 00026000 08:06 131245                     /lib/x86_64-linux-gnu/libexpat.so.1.6.0
7f0143ffd000-7f0143fff000 r--p 00026000 08:06 131245                     /lib/x86_64-linux-gnu/libexpat.so.1.6.0
7f0143fff000-7f0144000000 rw-p 00028000 08:06 131245                     /lib/x86_64-linux-gnu/libexpat.so.1.6.0
7f0144000000-7f0144021000 rw-p 00000000 00:00 0 
7f0144021000-7f0148000000 ---p 00000000 00:00 0 
7f0148000000-7f0148021000 rw-p 00000000 00:00 0 
7f0148021000-7f014c000000 ---p 00000000 00:00 0 
7f014c000000-7f014c009000 r--s 00000000 08:06 3412517                    /var/cache/fontconfig/52f7bdb7ce746bfd7eaa1985bd9cfa93-le64.cache-4
7f014c009000-7f014c00c000 r--s 00000000 08:06 3412645                    /var/cache/fontconfig/75114ca45c98e8a441da0ff356701271-le64.cache-4
7f014c0a8000-7f014c148000 r-xp 00000000 08:06 3960708                    /usr/lib/x86_64-linux-gnu/libfreetype.so.6.11.1
7f014c148000-7f014c347000 ---p 000a0000 08:06 3960708                    /usr/lib/x86_64-linux-gnu/libfreetype.so.6.11.1
7f014c347000-7f014c34d000 r--p 0009f000 08:06 3960708                    /usr/lib/x86_64-linux-gnu/libfreetype.so.6.11.1
7f014c34d000-7f014c34e000 rw-p 000a5000 08:06 3960708                    /usr/lib/x86_64-linux-gnu/libfreetype.so.6.11.1
7f014c34e000-7f014c35e000 r-xp 00000000 08:06 3941104                    /usr/lib/x86_64-linux-gnu/libavahi-client.so.3.2.9
7f014c35e000-7f014c55d000 ---p 00010000 08:06 3941104                    /usr/lib/x86_64-linux-gnu/libavahi-client.so.3.2.9
7f014c55d000-7f014c55e000 r--p 0000f000 08:06 3941104                    /usr/lib/x86_64-linux-gnu/libavahi-client.so.3.2.9
7f014c55e000-7f014c55f000 rw-p 00010000 08:06 3941104                    /usr/lib/x86_64-linux-gnu/libavahi-client.so.3.2.9
7f014c55f000-7f014c56a000 r-xp 00000000 08:06 3941106                    /usr/lib/x86_64-linux-gnu/libavahi-common.so.3.5.3
7f014c56a000-7f014c769000 ---p 0000b000 08:06 3941106                    /usr/lib/x86_64-linux-gnu/libavahi-common.so.3.5.3
7f014c769000-7f014c76a000 r--p 0000a000 08:06 3941106                    /usr/lib/x86_64-linux-gnu/libavahi-common.so.3.5.3
7f014c76a000-7f014c76b000 rw-p 0000b000 08:06 3941106                    /usr/lib/x86_64-linux-gnu/libavahi-common.so.3.5.3
7f014c76b000-7f014c87c000 r-xp 00000000 08:06 3940751                    /usr/lib/x86_64-linux-gnu/libgnutls-deb0.so.28.41.7
7f014c87c000-7f014ca7c000 ---p 00111000 08:06 3940751                    /usr/lib/x86_64-linux-gnu/libgnutls-deb0.so.28.41.7
7f014ca7c000-7f014ca85000 r--p 00111000 08:06 3940751                    /usr/lib/x86_64-linux-gnu/libgnutls-deb0.so.28.41.7
7f014ca85000-7f014ca87000 rw-p 0011a000 08:06 3940751                    /usr/lib/x86_64-linux-gnu/libgnutls-deb0.so.28.41.7
7f014ca87000-7f014cace000 r-xp 00000000 08:06 3933337                    /usr/lib/x86_64-linux-gnu/libgssapi_krb5.so.2.2
7f014cace000-7f014cccd000 ---p 00047000 08:06 3933337                    /usr/lib/x86_64-linux-gnu/libgssapi_krb5.so.2.2
7f014cccd000-7f014cccf000 r--p 00046000 08:06 3933337                    /usr/lib/x86_64-linux-gnu/libgssapi_krb5.so.2.2
7f014cccf000-7f014ccd1000 rw-p 00048000 08:06 3933337                    /usr/lib/x86_64-linux-gnu/libgssapi_krb5.so.2.2
7f014ccd1000-7f014ccf1000 r-xp 00000000 08:06 3942852                    /usr/lib/x86_64-linux-gnu/libxcb.so.1.1.0
7f014ccf1000-7f014cef0000 ---p 00020000 08:06 3942852                    /usr/lib/x86_64-linux-gnu/libxcb.so.1.1.0
7f014cef0000-7f014cef1000 r--p 0001f000 08:06 3942852                    /usr/lib/x86_64-linux-gnu/libxcb.so.1.1.0
7f014cef1000-7f014cef2000 rw-p 00020000 08:06 3942852                    /usr/lib/x86_64-linux-gnu/libxcb.so.1.1.0
7f014cef2000-7f014cf2e000 r-xp 00000000 08:06 3941333                    /usr/lib/x86_64-linux-gnu/libfontconfig.so.1.8.0
7f014cf2e000-7f014d12d000 ---p 0003c000 08:06 3941333                    /usr/lib/x86_64-linux-gnu/libfontconfig.so.1.8.0
7f014d12d000-7f014d12f000 r--p 0003b000 08:06 3941333                    /usr/lib/x86_64-linux-gnu/libfontconfig.so.1.8.0
7f014d12f000-7f014d130000 rw-p 0003d000 08:06 3941333                    /usr/lib/x86_64-linux-gnu/libfontconfig.so.1.8.0
7f014d130000-7f014d1a7000 r-xp 00000000 08:06 3936590                    /usr/lib/x86_64-linux-gnu/libcups.so.2
7f014d1a7000-7f014d3a6000 ---p 00077000 08:06 3936590                    /usr/lib/x86_64-linux-gnu/libcups.so.2
7f014d3a6000-7f014d3ae000 r--p 00076000 08:06 3936590                    /usr/lib/x86_64-linux-gnu/libcups.so.2
7f014d3ae000-7f014d3af000 rw-p 0007e000 08:06 3936590                    /usr/lib/x86_64-linux-gnu/libcups.so.2
7f014d3af000-7f014d3be000 r-xp 00000000 08:06 3941021                    /usr/lib/x86_64-linux-gnu/libXi.so.6.1.0
7f014d3be000-7f014d5bd000 ---p 0000f000 08:06 3941021                    /usr/lib/x86_64-linux-gnu/libXi.so.6.1.0
7f014d5bd000-7f014d5be000 r--p 0000e000 08:06 3941021                    /usr/lib/x86_64-linux-gnu/libXi.so.6.1.0
7f014d5be000-7f014d5bf000 rw-p 0000f000 08:06 3941021                    /usr/lib/x86_64-linux-gnu/libXi.so.6.1.0
7f014d5bf000-7f014d5c4000 r-xp 00000000 08:06 3941041                    /usr/lib/x86_64-linux-gnu/libXtst.so.6.1.0
7f014d5c4000-7f014d7c3000 ---p 00005000 08:06 3941041                    /usr/lib/x86_64-linux-gnu/libXtst.so.6.1.0
7f014d7c3000-7f014d7c4000 r--p 00004000 08:06 3941041                    /usr/lib/x86_64-linux-gnu/libXtst.so.6.1.0
7f014d7c4000-7f014d7c5000 rw-p 00005000 08:06 3941041                    /usr/lib/x86_64-linux-gnu/libXtst.so.6.1.0
7f014d7c5000-7f014d7ce000 r-xp 00000000 08:06 3957880                    /usr/lib/x86_64-linux-gnu/libXrender.so.1.3.0
7f014d7ce000-7f014d9cd000 ---p 00009000 08:06 3957880                    /usr/lib/x86_64-linux-gnu/libXrender.so.1.3.0
7f014d9cd000-7f014d9ce000 r--p 00008000 08:06 3957880                    /usr/lib/x86_64-linux-gnu/libXrender.so.1.3.0
7f014d9ce000-7f014d9cf000 rw-p 00009000 08:06 3957880                    /usr/lib/x86_64-linux-gnu/libXrender.so.1.3.0
7f014d9cf000-7f014db04000 r-xp 00000000 08:06 3942896                    /usr/lib/x86_64-linux-gnu/libX11.so.6.3.0
7f014db04000-7f014dd04000 ---p 00135000 08:06 3942896                    /usr/lib/x86_64-linux-gnu/libX11.so.6.3.0
7f014dd04000-7f014dd05000 r--p 00135000 08:06 3942896                    /usr/lib/x86_64-linux-gnu/libX11.so.6.3.0
7f014dd05000-7f014dd09000 rw-p 00136000 08:06 3942896                    /usr/lib/x86_64-linux-gnu/libX11.so.6.3.0
7f014dd09000-7f014dd1a000 r-xp 00000000 08:06 3941013                    /usr/lib/x86_64-linux-gnu/libXext.so.6.4.0
7f014dd1a000-7f014df19000 ---p 00011000 08:06 3941013                    /usr/lib/x86_64-linux-gnu/libXext.so.6.4.0
7f014df19000-7f014df1a000 r--p 00010000 08:06 3941013                    /usr/lib/x86_64-linux-gnu/libXext.so.6.4.0
7f014df1a000-7f014df1b000 rw-p 00011000 08:06 3941013                    /usr/lib/x86_64-linux-gnu/libXext.so.6.4.0
7f014df1b000-7f014df64000 r-xp 00000000 08:06 4588580                    /usr/lib/jvm/java-7-openjdk-amd64/jre/lib/amd64/xawt/libmawt.so
7f014df64000-7f014e163000 ---p 00049000 08:06 4588580                    /usr/lib/jvm/java-7-openjdk-amd64/jre/lib/amd64/xawt/libmawt.so
7f014e163000-7f014e164000 r--p 00048000 08:06 4588580                    /usr/lib/jvm/java-7-openjdk-amd64/jre/lib/amd64/xawt/libmawt.so
7f014e164000-7f014e167000 rw-p 00049000 08:06 4588580                    /usr/lib/jvm/java-7-openjdk-amd64/jre/lib/amd64/xawt/libmawt.so
7f014e167000-7f014e168000 rw-p 00000000 00:00 0 
7f014e168000-7f014e207000 r-xp 00000000 08:06 4458669                    /usr/lib/jvm/java-7-openjdk-amd64/jre/lib/amd64/libawt.so
7f014e207000-7f014e406000 ---p 0009f000 08:06 4458669                    /usr/lib/jvm/java-7-openjdk-amd64/jre/lib/amd64/libawt.so
7f014e406000-7f014e407000 r--p 0009e000 08:06 4458669                    /usr/lib/jvm/java-7-openjdk-amd64/jre/lib/amd64/libawt.so
7f014e407000-7f014e412000 rw-p 0009f000 08:06 4458669                    /usr/lib/jvm/java-7-openjdk-amd64/jre/lib/amd64/libawt.so
7f014e412000-7f014e437000 rw-p 00000000 00:00 0 
7f014e437000-7f014e43a000 ---p 00000000 00:00 0 
7f014e43a000-7f014e839000 rw-p 00000000 00:00 0                          [stack:12358]
7f014e839000-7f014e8a5000 r-xp 00000000 08:06 131369                     /lib/x86_64-linux-gnu/libpcre.so.3.13.1
7f014e8a5000-7f014eaa5000 ---p 0006c000 08:06 131369                     /lib/x86_64-linux-gnu/libpcre.so.3.13.1
7f014eaa5000-7f014eaa6000 r--p 0006c000 08:06 131369                     /lib/x86_64-linux-gnu/libpcre.so.3.13.1
7f014eaa6000-7f014eaa7000 rw-p 0006d000 08:06 131369                     /lib/x86_64-linux-gnu/libpcre.so.3.13.1
7f014eaa7000-7f014eaae000 r-xp 00000000 08:06 3933649                    /usr/lib/x86_64-linux-gnu/libffi.so.6.0.4
7f014eaae000-7f014ecad000 ---p 00007000 08:06 3933649                    /usr/lib/x86_64-linux-gnu/libffi.so.6.0.4
7f014ecad000-7f014ecae000 r--p 00006000 08:06 3933649                    /usr/lib/x86_64-linux-gnu/libffi.so.6.0.4
7f014ecae000-7f014ecaf000 rw-p 00007000 08:06 3933649                    /usr/lib/x86_64-linux-gnu/libffi.so.6.0.4
7f014ecaf000-7f014ecc6000 r-xp 00000000 08:06 131454                     /lib/x86_64-linux-gnu/libresolv-2.21.so
7f014ecc6000-7f014eec6000 ---p 00017000 08:06 131454                     /lib/x86_64-linux-gnu/libresolv-2.21.so
7f014eec6000-7f014eec7000 r--p 00017000 08:06 131454                     /lib/x86_64-linux-gnu/libresolv-2.21.so
7f014eec7000-7f014eec8000 rw-p 00018000 08:06 131454                     /lib/x86_64-linux-gnu/libresolv-2.21.so
7f014eec8000-7f014eeca000 rw-p 00000000 00:00 0 
7f014eeca000-7f014eeeb000 r-xp 00000000 08:06 131099                     /lib/x86_64-linux-gnu/libselinux.so.1
7f014eeeb000-7f014f0ea000 ---p 00021000 08:06 131099                     /lib/x86_64-linux-gnu/libselinux.so.1
7f014f0ea000-7f014f0eb000 r--p 00020000 08:06 131099                     /lib/x86_64-linux-gnu/libselinux.so.1
7f014f0eb000-7f014f0ec000 rw-p 00021000 08:06 131099                     /lib/x86_64-linux-gnu/libselinux.so.1
7f014f0ec000-7f014f0ee000 rw-p 00000000 00:00 0 
7f014f0ee000-7f014f0f1000 r-xp 00000000 08:06 3960148                    /usr/lib/x86_64-linux-gnu/libgmodule-2.0.so.0.4600.2
7f014f0f1000-7f014f2f0000 ---p 00003000 08:06 3960148                    /usr/lib/x86_64-linux-gnu/libgmodule-2.0.so.0.4600.2
7f014f2f0000-7f014f2f1000 r--p 00002000 08:06 3960148                    /usr/lib/x86_64-linux-gnu/libgmodule-2.0.so.0.4600.2
7f014f2f1000-7f014f2f2000 rw-p 00003000 08:06 3960148                    /usr/lib/x86_64-linux-gnu/libgmodule-2.0.so.0.4600.2
7f014f2f2000-7f014f3ff000 r-xp 00000000 08:06 131266                     /lib/x86_64-linux-gnu/libglib-2.0.so.0.4600.2
7f014f3ff000-7f014f5fe000 ---p 0010d000 08:06 131266                     /lib/x86_64-linux-gnu/libglib-2.0.so.0.4600.2
7f014f5fe000-7f014f5ff000 r--p 0010c000 08:06 131266                     /lib/x86_64-linux-gnu/libglib-2.0.so.0.4600.2
7f014f5ff000-7f014f600000 rw-p 0010d000 08:06 131266                     /lib/x86_64-linux-gnu/libglib-2.0.so.0.4600.2
7f014f600000-7f014f601000 rw-p 00000000 00:00 0 
7f014f601000-7f014f653000 r-xp 00000000 08:06 3960149                    /usr/lib/x86_64-linux-gnu/libgobject-2.0.so.0.4600.2
7f014f653000-7f014f852000 ---p 00052000 08:06 3960149                    /usr/lib/x86_64-linux-gnu/libgobject-2.0.so.0.4600.2
7f014f852000-7f014f853000 r--p 00051000 08:06 3960149                    /usr/lib/x86_64-linux-gnu/libgobject-2.0.so.0.4600.2
7f014f853000-7f014f854000 rw-p 00052000 08:06 3960149                    /usr/lib/x86_64-linux-gnu/libgobject-2.0.so.0.4600.2
7f014f854000-7f014f9ce000 r-xp 00000000 08:06 3960147                    /usr/lib/x86_64-linux-gnu/libgio-2.0.so.0.4600.2
7f014f9ce000-7f014fbcd000 ---p 0017a000 08:06 3960147                    /usr/lib/x86_64-linux-gnu/libgio-2.0.so.0.4600.2
7f014fbcd000-7f014fbd1000 r--p 00179000 08:06 3960147                    /usr/lib/x86_64-linux-gnu/libgio-2.0.so.0.4600.2
7f014fbd1000-7f014fbd3000 rw-p 0017d000 08:06 3960147                    /usr/lib/x86_64-linux-gnu/libgio-2.0.so.0.4600.2
7f014fbd3000-7f014fbd5000 rw-p 00000000 00:00 0 
7f014fbd5000-7f014fbec000 r-xp 00000000 08:06 4458672                    /usr/lib/jvm/java-7-openjdk-amd64/jre/lib/amd64/libnet.so
7f014fbec000-7f014fdec000 ---p 00017000 08:06 4458672                    /usr/lib/jvm/java-7-openjdk-amd64/jre/lib/amd64/libnet.so
7f014fdec000-7f014fded000 r--p 00017000 08:06 4458672                    /usr/lib/jvm/java-7-openjdk-amd64/jre/lib/amd64/libnet.so
7f014fded000-7f014fdee000 rw-p 00018000 08:06 4458672                    /usr/lib/jvm/java-7-openjdk-amd64/jre/lib/amd64/libnet.so
7f014fdee000-7f014fdff000 r-xp 00000000 08:06 4458693                    /usr/lib/jvm/java-7-openjdk-amd64/jre/lib/amd64/libnio.so
7f014fdff000-7f014fffe000 ---p 00011000 08:06 4458693                    /usr/lib/jvm/java-7-openjdk-amd64/jre/lib/amd64/libnio.so
7f014fffe000-7f014ffff000 r--p 00010000 08:06 4458693                    /usr/lib/jvm/java-7-openjdk-amd64/jre/lib/amd64/libnio.so
7f014ffff000-7f0150000000 rw-p 00011000 08:06 4458693                    /usr/lib/jvm/java-7-openjdk-amd64/jre/lib/amd64/libnio.so
7f0150000000-7f015079d000 rw-p 00000000 00:00 0 
7f015079d000-7f0154000000 ---p 00000000 00:00 0 
7f0154000000-7f0154021000 rw-p 00000000 00:00 0 
7f0154021000-7f0158000000 ---p 00000000 00:00 0 
7f0158000000-7f0158021000 rw-p 00000000 00:00 0 
7f0158021000-7f015c000000 ---p 00000000 00:00 0 
7f015c000000-7f015c62c000 rw-p 00000000 00:00 0 
7f015c62c000-7f0160000000 ---p 00000000 00:00 0 
7f0160000000-7f0160021000 rw-p 00000000 00:00 0 
7f0160021000-7f0164000000 ---p 00000000 00:00 0 
7f0164000000-7f0164021000 rw-p 00000000 00:00 0 
7f0164021000-7f0168000000 ---p 00000000 00:00 0 
7f0168000000-7f0168021000 rw-p 00000000 00:00 0 
7f0168021000-7f016c000000 ---p 00000000 00:00 0 
7f016c000000-7f016c021000 rw-p 00000000 00:00 0 
7f016c021000-7f0170000000 ---p 00000000 00:00 0 
7f0170000000-7f0170001000 r--s 00000000 08:06 3407991                    /var/cache/fontconfig/551ecf3b0e8b0bca0f25c0944f561853-le64.cache-4
7f0170001000-7f017000c000 r--s 00000000 08:06 3412642                    /var/cache/fontconfig/83bf95040141907cd45bb53cf7c1c148-le64.cache-4
7f0170067000-7f01700e4000 r-xp 00000000 08:06 131278                     /lib/x86_64-linux-gnu/libsystemd.so.0.10.2
7f01700e4000-7f01700e7000 r--p 0007c000 08:06 131278                     /lib/x86_64-linux-gnu/libsystemd.so.0.10.2
7f01700e7000-7f01700e8000 rw-p 0007f000 08:06 131278                     /lib/x86_64-linux-gnu/libsystemd.so.0.10.2
7f01700e8000-7f01700e9000 ---p 00000000 00:00 0 
7f01700e9000-7f01701e9000 rw-p 00000000 00:00 0                          [stack:12357]
7f01701e9000-7f01701ec000 ---p 00000000 00:00 0 
7f01701ec000-7f01702ea000 rw-p 00000000 00:00 0                          [stack:12356]
7f01702ea000-7f01702ed000 ---p 00000000 00:00 0 
7f01702ed000-7f01703eb000 rw-p 00000000 00:00 0                          [stack:12355]
7f01703eb000-7f01703ee000 ---p 00000000 00:00 0 
7f01703ee000-7f01704ec000 rw-p 00000000 00:00 0                          [stack:12354]
7f01704ec000-7f01704ef000 ---p 00000000 00:00 0 
7f01704ef000-7f01705ed000 rw-p 00000000 00:00 0                          [stack:12353]
7f01705ed000-7f0170cd0000 r--p 00000000 08:06 3939981                    /usr/lib/locale/locale-archive
7f0170cd0000-7f0174000000 rw-p 00000000 00:00 0 
7f0174000000-7f0174021000 rw-p 00000000 00:00 0 
7f0174021000-7f0178000000 ---p 00000000 00:00 0 
7f0178000000-7f0178021000 rw-p 00000000 00:00 0 
7f0178021000-7f017c000000 ---p 00000000 00:00 0 
7f017c000000-7f017c021000 rw-p 00000000 00:00 0 
7f017c021000-7f0180000000 ---p 00000000 00:00 0 
7f0180000000-7f0180004000 r--s 00000000 08:06 3410477                    /var/cache/fontconfig/7ef2298fde41cc6eeb7af42e48b7d293-le64.cache-4
7f0180004000-7f018000e000 r--s 000ae000 08:06 4458696                    /usr/lib/jvm/java-7-openjdk-amd64/jre/lib/resources.jar
7f018000e000-7f0180015000 r--s 00000000 08:06 4331200                    /usr/lib/x86_64-linux-gnu/gconv/gconv-modules.cache
7f0180015000-7f018003b000 r--p 00000000 08:06 4855051                    /usr/share/locale-langpack/es/LC_MESSAGES/libc.mo
7f018003b000-7f0180046000 r--s 00203000 08:06 4458708                    /usr/lib/jvm/java-7-openjdk-amd64/jre/lib/charsets.jar
7f0180046000-7f018004c000 r--s 0007f000 08:07 2638440                    /home/julio/git/mysql-connector-java-5.0.8-bin.jar
7f018004c000-7f018004f000 ---p 00000000 00:00 0 
7f018004f000-7f018014d000 rw-p 00000000 00:00 0                          [stack:12352]
7f018014d000-7f0180150000 ---p 00000000 00:00 0 
7f0180150000-7f018024e000 rw-p 00000000 00:00 0                          [stack:12351]
7f018024e000-7f018024f000 ---p 00000000 00:00 0 
7f018024f000-7f0181000000 rw-p 00000000 00:00 0                          [stack:12350]
7f0181000000-7f0181270000 rwxp 00000000 00:00 0 
7f0181270000-7f0184398000 rw-p 00000000 00:00 0 
7f0184398000-7f0188000000 ---p 00000000 00:00 0 
7f0188000000-7f0188003000 r--s 00000000 08:06 3409694                    /var/cache/fontconfig/e13b20fdb08344e0e664864cc2ede53d-le64.cache-4
7f0188003000-7f0188016000 r--s 00116000 08:06 4110713                    /usr/local/lib/antlr-4.0-complete.jar
7f0188016000-7f018801a000 r--s 00034000 08:06 4458718                    /usr/lib/jvm/java-7-openjdk-amd64/jre/lib/ext/sunjce_provider.jar
7f018801a000-7f018801e000 r--s 0003c000 08:06 4458721                    /usr/lib/jvm/java-7-openjdk-amd64/jre/lib/ext/sunpkcs11.jar
7f018801e000-7f018836a000 rw-p 00000000 00:00 0 
7f018836a000-7f018851b000 r--s 01d30000 08:06 4458706                    /usr/lib/jvm/java-7-openjdk-amd64/jre/lib/rt.jar
7f018851b000-7f0188947000 rw-p 00000000 00:00 0 
7f0188947000-7f0188948000 ---p 00000000 00:00 0 
7f0188948000-7f0188a48000 rw-p 00000000 00:00 0                          [stack:12349]
7f0188a48000-7f0188a49000 ---p 00000000 00:00 0 
7f0188a49000-7f0188b49000 rw-p 00000000 00:00 0                          [stack:12348]
7f0188b49000-7f0188b4a000 ---p 00000000 00:00 0 
7f0188b4a000-7f0188c4a000 rw-p 00000000 00:00 0                          [stack:12347]
7f0188c4a000-7f0188c4b000 ---p 00000000 00:00 0 
7f0188c4b000-7f0188d56000 rw-p 00000000 00:00 0                          [stack:12346]
7f0188d56000-7f0188d9e000 rw-p 00000000 00:00 0 
7f0188d9e000-7f0188dbd000 rw-p 00000000 00:00 0 
7f0188dbd000-7f0188f89000 rw-p 00000000 00:00 0 
7f0188f89000-7f0188f94000 rw-p 00000000 00:00 0 
7f0188f94000-7f0188fdc000 rw-p 00000000 00:00 0 
7f0188fdc000-7f0188ffb000 rw-p 00000000 00:00 0 
7f0188ffb000-7f01891c6000 rw-p 00000000 00:00 0 
7f01891c6000-7f01891d6000 rw-p 00000000 00:00 0 
7f01891d6000-7f01892bc000 rw-p 00000000 00:00 0 
7f01892bc000-7f01892bd000 rw-p 00000000 00:00 0 
7f01892bd000-7f01892c5000 r-xp 00000000 08:06 4458677                    /usr/lib/jvm/java-7-openjdk-amd64/jre/lib/amd64/libzip.so
7f01892c5000-7f01894c4000 ---p 00008000 08:06 4458677                    /usr/lib/jvm/java-7-openjdk-amd64/jre/lib/amd64/libzip.so
7f01894c4000-7f01894c5000 r--p 00007000 08:06 4458677                    /usr/lib/jvm/java-7-openjdk-amd64/jre/lib/amd64/libzip.so
7f01894c5000-7f01894c6000 rw-p 00008000 08:06 4458677                    /usr/lib/jvm/java-7-openjdk-amd64/jre/lib/amd64/libzip.so
7f01894c6000-7f01894d2000 r-xp 00000000 08:06 131437                     /lib/x86_64-linux-gnu/libnss_files-2.21.so
7f01894d2000-7f01896d1000 ---p 0000c000 08:06 131437                     /lib/x86_64-linux-gnu/libnss_files-2.21.so
7f01896d1000-7f01896d2000 r--p 0000b000 08:06 131437                     /lib/x86_64-linux-gnu/libnss_files-2.21.so
7f01896d2000-7f01896d3000 rw-p 0000c000 08:06 131437                     /lib/x86_64-linux-gnu/libnss_files-2.21.so
7f01896d3000-7f01896de000 r-xp 00000000 08:06 131448                     /lib/x86_64-linux-gnu/libnss_nis-2.21.so
7f01896de000-7f01898dd000 ---p 0000b000 08:06 131448                     /lib/x86_64-linux-gnu/libnss_nis-2.21.so
7f01898dd000-7f01898de000 r--p 0000a000 08:06 131448                     /lib/x86_64-linux-gnu/libnss_nis-2.21.so
7f01898de000-7f01898df000 rw-p 0000b000 08:06 131448                     /lib/x86_64-linux-gnu/libnss_nis-2.21.so
7f01898df000-7f01898f6000 r-xp 00000000 08:06 131442                     /lib/x86_64-linux-gnu/libnsl-2.21.so
7f01898f6000-7f0189af5000 ---p 00017000 08:06 131442                     /lib/x86_64-linux-gnu/libnsl-2.21.so
7f0189af5000-7f0189af6000 r--p 00016000 08:06 131442                     /lib/x86_64-linux-gnu/libnsl-2.21.so
7f0189af6000-7f0189af7000 rw-p 00017000 08:06 131442                     /lib/x86_64-linux-gnu/libnsl-2.21.so
7f0189af7000-7f0189af9000 rw-p 00000000 00:00 0 
7f0189af9000-7f0189b01000 r-xp 00000000 08:06 131438                     /lib/x86_64-linux-gnu/libnss_compat-2.21.so
7f0189b01000-7f0189d00000 ---p 00008000 08:06 131438                     /lib/x86_64-linux-gnu/libnss_compat-2.21.so
7f0189d00000-7f0189d01000 r--p 00007000 08:06 131438                     /lib/x86_64-linux-gnu/libnss_compat-2.21.so
7f0189d01000-7f0189d02000 rw-p 00008000 08:06 131438                     /lib/x86_64-linux-gnu/libnss_compat-2.21.so
7f0189d02000-7f0189d2e000 r-xp 00000000 08:06 4458663                    /usr/lib/jvm/java-7-openjdk-amd64/jre/lib/amd64/libjava.so
7f0189d2e000-7f0189f2d000 ---p 0002c000 08:06 4458663                    /usr/lib/jvm/java-7-openjdk-amd64/jre/lib/amd64/libjava.so
7f0189f2d000-7f0189f2e000 r--p 0002b000 08:06 4458663                    /usr/lib/jvm/java-7-openjdk-amd64/jre/lib/amd64/libjava.so
7f0189f2e000-7f0189f30000 rw-p 0002c000 08:06 4458663                    /usr/lib/jvm/java-7-openjdk-amd64/jre/lib/amd64/libjava.so
7f0189f30000-7f0189f3f000 r-xp 00000000 08:06 4458664                    /usr/lib/jvm/java-7-openjdk-amd64/jre/lib/amd64/libverify.so
7f0189f3f000-7f018a13e000 ---p 0000f000 08:06 4458664                    /usr/lib/jvm/java-7-openjdk-amd64/jre/lib/amd64/libverify.so
7f018a13e000-7f018a140000 r--p 0000e000 08:06 4458664                    /usr/lib/jvm/java-7-openjdk-amd64/jre/lib/amd64/libverify.so
7f018a140000-7f018a141000 rw-p 00010000 08:06 4458664                    /usr/lib/jvm/java-7-openjdk-amd64/jre/lib/amd64/libverify.so
7f018a141000-7f018a148000 r-xp 00000000 08:06 131435                     /lib/x86_64-linux-gnu/librt-2.21.so
7f018a148000-7f018a347000 ---p 00007000 08:06 131435                     /lib/x86_64-linux-gnu/librt-2.21.so
7f018a347000-7f018a348000 r--p 00006000 08:06 131435                     /lib/x86_64-linux-gnu/librt-2.21.so
7f018a348000-7f018a349000 rw-p 00007000 08:06 131435                     /lib/x86_64-linux-gnu/librt-2.21.so
7f018a349000-7f018a35f000 r-xp 00000000 08:06 131247                     /lib/x86_64-linux-gnu/libgcc_s.so.1
7f018a35f000-7f018a55e000 ---p 00016000 08:06 131247                     /lib/x86_64-linux-gnu/libgcc_s.so.1
7f018a55e000-7f018a55f000 r--p 00015000 08:06 131247                     /lib/x86_64-linux-gnu/libgcc_s.so.1
7f018a55f000-7f018a560000 rw-p 00016000 08:06 131247                     /lib/x86_64-linux-gnu/libgcc_s.so.1
7f018a560000-7f018a667000 r-xp 00000000 08:06 131450                     /lib/x86_64-linux-gnu/libm-2.21.so
7f018a667000-7f018a866000 ---p 00107000 08:06 131450                     /lib/x86_64-linux-gnu/libm-2.21.so
7f018a866000-7f018a867000 r--p 00106000 08:06 131450                     /lib/x86_64-linux-gnu/libm-2.21.so
7f018a867000-7f018a868000 rw-p 00107000 08:06 131450                     /lib/x86_64-linux-gnu/libm-2.21.so
7f018a868000-7f018a9db000 r-xp 00000000 08:06 3957489                    /usr/lib/x86_64-linux-gnu/libstdc++.so.6.0.21
7f018a9db000-7f018abda000 ---p 00173000 08:06 3957489                    /usr/lib/x86_64-linux-gnu/libstdc++.so.6.0.21
7f018abda000-7f018abe4000 r--p 00172000 08:06 3957489                    /usr/lib/x86_64-linux-gnu/libstdc++.so.6.0.21
7f018abe4000-7f018abe6000 rw-p 0017c000 08:06 3957489                    /usr/lib/x86_64-linux-gnu/libstdc++.so.6.0.21
7f018abe6000-7f018abea000 rw-p 00000000 00:00 0 
7f018abea000-7f018b73b000 r-xp 00000000 08:06 4458675                    /usr/lib/jvm/java-7-openjdk-amd64/jre/lib/amd64/server/libjvm.so
7f018b73b000-7f018b93a000 ---p 00b51000 08:06 4458675                    /usr/lib/jvm/java-7-openjdk-amd64/jre/lib/amd64/server/libjvm.so
7f018b93a000-7f018b9cb000 r--p 00b50000 08:06 4458675                    /usr/lib/jvm/java-7-openjdk-amd64/jre/lib/amd64/server/libjvm.so
7f018b9cb000-7f018b9ee000 rw-p 00be1000 08:06 4458675                    /usr/lib/jvm/java-7-openjdk-amd64/jre/lib/amd64/server/libjvm.so
7f018b9ee000-7f018ba19000 rw-p 00000000 00:00 0 
7f018ba19000-7f018ba32000 r-xp 00000000 08:06 131248                     /lib/x86_64-linux-gnu/libz.so.1.2.8
7f018ba32000-7f018bc31000 ---p 00019000 08:06 131248                     /lib/x86_64-linux-gnu/libz.so.1.2.8
7f018bc31000-7f018bc32000 r--p 00018000 08:06 131248                     /lib/x86_64-linux-gnu/libz.so.1.2.8
7f018bc32000-7f018bc33000 rw-p 00019000 08:06 131248                     /lib/x86_64-linux-gnu/libz.so.1.2.8
7f018bc33000-7f018bc4b000 r-xp 00000000 08:06 131436                     /lib/x86_64-linux-gnu/libpthread-2.21.so
7f018bc4b000-7f018be4b000 ---p 00018000 08:06 131436                     /lib/x86_64-linux-gnu/libpthread-2.21.so
7f018be4b000-7f018be4c000 r--p 00018000 08:06 131436                     /lib/x86_64-linux-gnu/libpthread-2.21.so
7f018be4c000-7f018be4d000 rw-p 00019000 08:06 131436                     /lib/x86_64-linux-gnu/libpthread-2.21.so
7f018be4d000-7f018be51000 rw-p 00000000 00:00 0 
7f018be51000-7f018be54000 r-xp 00000000 08:06 131447                     /lib/x86_64-linux-gnu/libdl-2.21.so
7f018be54000-7f018c053000 ---p 00003000 08:06 131447                     /lib/x86_64-linux-gnu/libdl-2.21.so
7f018c053000-7f018c054000 r--p 00002000 08:06 131447                     /lib/x86_64-linux-gnu/libdl-2.21.so
7f018c054000-7f018c055000 rw-p 00003000 08:06 131447                     /lib/x86_64-linux-gnu/libdl-2.21.so
7f018c055000-7f018c215000 r-xp 00000000 08:06 131451                     /lib/x86_64-linux-gnu/libc-2.21.so
7f018c215000-7f018c415000 ---p 001c0000 08:06 131451                     /lib/x86_64-linux-gnu/libc-2.21.so
7f018c415000-7f018c419000 r--p 001c0000 08:06 131451                     /lib/x86_64-linux-gnu/libc-2.21.so
7f018c419000-7f018c41b000 rw-p 001c4000 08:06 131451                     /lib/x86_64-linux-gnu/libc-2.21.so
7f018c41b000-7f018c41f000 rw-p 00000000 00:00 0 
7f018c41f000-7f018c42c000 r-xp 00000000 08:06 4458690                    /usr/lib/jvm/java-7-openjdk-amd64/jre/lib/amd64/jli/libjli.so
7f018c42c000-7f018c62b000 ---p 0000d000 08:06 4458690                    /usr/lib/jvm/java-7-openjdk-amd64/jre/lib/amd64/jli/libjli.so
7f018c62b000-7f018c62c000 r--p 0000c000 08:06 4458690                    /usr/lib/jvm/java-7-openjdk-amd64/jre/lib/amd64/jli/libjli.so
7f018c62c000-7f018c62d000 rw-p 0000d000 08:06 4458690                    /usr/lib/jvm/java-7-openjdk-amd64/jre/lib/amd64/jli/libjli.so
7f018c62d000-7f018c651000 r-xp 00000000 08:06 131445                     /lib/x86_64-linux-gnu/ld-2.21.so
7f018c651000-7f018c652000 r--s 00000000 08:06 3407980                    /var/cache/fontconfig/0c9eb80ebd1c36541ebe2852d3bb0c49-le64.cache-4
7f018c652000-7f018c653000 r--s 00002000 08:06 4458716                    /usr/lib/jvm/java-7-openjdk-amd64/jre/lib/ext/dnsns.jar
7f018c653000-7f018c655000 r--s 00007000 08:06 4458607                    /usr/share/java/java-atk-wrapper.jar
7f018c655000-7f018c657000 r--s 00012000 08:06 4458717                    /usr/lib/jvm/java-7-openjdk-amd64/jre/lib/ext/zipfs.jar
7f018c657000-7f018c65b000 r--s 00085000 08:06 4458720                    /usr/lib/jvm/java-7-openjdk-amd64/jre/lib/ext/localedata.jar
7f018c65b000-7f018c65e000 r--s 0000f000 08:06 4458719                    /usr/lib/jvm/java-7-openjdk-amd64/jre/lib/ext/icedtea-sound.jar
7f018c65e000-7f018c668000 rw-p 00000000 00:00 0 
7f018c668000-7f018c71e000 rw-p 00000000 00:00 0 
7f018c71e000-7f018c721000 ---p 00000000 00:00 0 
7f018c721000-7f018c844000 rw-p 00000000 00:00 0                          [stack:12345]
7f018c844000-7f018c84c000 rw-s 00000000 08:06 3276872                    /tmp/hsperfdata_julio/12340
7f018c84c000-7f018c84d000 rw-p 00000000 00:00 0 
7f018c84d000-7f018c84e000 r--p 00000000 00:00 0 
7f018c84e000-7f018c850000 rw-p 00000000 00:00 0 
7f018c850000-7f018c851000 r--p 00023000 08:06 131445                     /lib/x86_64-linux-gnu/ld-2.21.so
7f018c851000-7f018c852000 rw-p 00024000 08:06 131445                     /lib/x86_64-linux-gnu/ld-2.21.so
7f018c852000-7f018c853000 rw-p 00000000 00:00 0 
7ffe06fb7000-7ffe06fd8000 rw-p 00000000 00:00 0                          [stack]
7ffe06ff6000-7ffe06ff8000 r--p 00000000 00:00 0                          [vvar]
7ffe06ff8000-7ffe06ffa000 r-xp 00000000 00:00 0                          [vdso]
ffffffffff600000-ffffffffff601000 r-xp 00000000 00:00 0                  [vsyscall]

VM Arguments:
jvm_args: -Dfile.encoding=UTF-8 
java_command: com.citec.generator.Main
Launcher Type: SUN_STANDARD

Environment Variables:
PATH=/usr/local/cuda-7.0/bin:/usr/local/sbin:/usr/local/bin:/usr/sbin:/usr/bin:/sbin:/bin:/usr/games:/usr/local/games
SHELL=/bin/bash
DISPLAY=:0

Signal Handlers:
SIGSEGV: [libjvm.so+0x995450], sa_mask[0]=0x7ffbfeff, sa_flags=0x10000004
SIGBUS: [libjvm.so+0x995450], sa_mask[0]=0x7ffbfeff, sa_flags=0x10000004
SIGFPE: [libjvm.so+0x7fc6a0], sa_mask[0]=0x7ffbfeff, sa_flags=0x10000004
SIGPIPE: [libjvm.so+0x7fc6a0], sa_mask[0]=0x7ffbfeff, sa_flags=0x10000004
SIGXFSZ: [libjvm.so+0x7fc6a0], sa_mask[0]=0x7ffbfeff, sa_flags=0x10000004
SIGILL: [libjvm.so+0x7fc6a0], sa_mask[0]=0x7ffbfeff, sa_flags=0x10000004
SIGUSR1: SIG_DFL, sa_mask[0]=0x00000000, sa_flags=0x00000000
SIGUSR2: [libjvm.so+0x7fc520], sa_mask[0]=0x00000004, sa_flags=0x10000004
SIGHUP: [libjvm.so+0x7fc6b0], sa_mask[0]=0x7ffbfeff, sa_flags=0x10000004
SIGINT: [libjvm.so+0x7fc6b0], sa_mask[0]=0x7ffbfeff, sa_flags=0x10000004
SIGTERM: [libjvm.so+0x7fc6b0], sa_mask[0]=0x7ffbfeff, sa_flags=0x10000004
SIGQUIT: [libjvm.so+0x7fc6b0], sa_mask[0]=0x7ffbfeff, sa_flags=0x10000004
SIGTRAP: SIG_DFL, sa_mask[0]=0x00000000, sa_flags=0x00000000


---------------  S Y S T E M  ---------------

OS:Ubuntu 15.10 (wily)
uname:Linux 4.2.0-35-generic #40-Ubuntu SMP Tue Mar 15 22:15:45 UTC 2016 x86_64
libc:glibc 2.21 NPTL 2.21 
rlimit: STACK 8192k, CORE 0k, NPROC 23395, NOFILE 65536, AS infinity
load average:3,94 1,21 0,74

/proc/meminfo:
MemTotal:        6025456 kB
MemFree:         2096964 kB
MemAvailable:    2508256 kB
Buffers:           47020 kB
Cached:           416492 kB
SwapCached:        50192 kB
Active:          2707836 kB
Inactive:         960796 kB
Active(anon):    2447580 kB
Inactive(anon):   811408 kB
Active(file):     260256 kB
Inactive(file):   149388 kB
Unevictable:          64 kB
Mlocked:              64 kB
SwapTotal:      11717628 kB
SwapFree:        9756548 kB
Dirty:              2964 kB
Writeback:           648 kB
AnonPages:       3181988 kB
Mapped:           160028 kB
Shmem:             53864 kB
Slab:              89752 kB
SReclaimable:      38116 kB
SUnreclaim:        51636 kB
KernelStack:       21728 kB
PageTables:        45692 kB
NFS_Unstable:          0 kB
Bounce:                0 kB
WritebackTmp:          0 kB
CommitLimit:    14730356 kB
Committed_AS:   12589448 kB
VmallocTotal:   34359738367 kB
VmallocUsed:      590608 kB
VmallocChunk:   34358423548 kB
HardwareCorrupted:     0 kB
AnonHugePages:   1484800 kB
CmaTotal:              0 kB
CmaFree:               0 kB
HugePages_Total:       0
HugePages_Free:        0
HugePages_Rsvd:        0
HugePages_Surp:        0
Hugepagesize:       2048 kB
DirectMap4k:      369408 kB
DirectMap2M:     5836800 kB
DirectMap1G:     1048576 kB


CPU:total 4 (2 cores per cpu, 2 threads per core) family 6 model 60 stepping 3, cmov, cx8, fxsr, mmx, sse, sse2, sse3, ssse3, sse4.1, sse4.2, popcnt, avx, avx2, aes, erms, ht, tsc, tscinvbit

/proc/cpuinfo:
processor	: 0
vendor_id	: GenuineIntel
cpu family	: 6
model		: 60
model name	: Intel(R) Core(TM) i5-4200M CPU @ 2.50GHz
stepping	: 3
microcode	: 0x1c
cpu MHz		: 2999.902
cache size	: 3072 KB
physical id	: 0
siblings	: 4
core id		: 0
cpu cores	: 2
apicid		: 0
initial apicid	: 0
fpu		: yes
fpu_exception	: yes
cpuid level	: 13
wp		: yes
flags		: fpu vme de pse tsc msr pae mce cx8 apic sep mtrr pge mca cmov pat pse36 clflush dts acpi mmx fxsr sse sse2 ss ht tm pbe syscall nx pdpe1gb rdtscp lm constant_tsc arch_perfmon pebs bts rep_good nopl xtopology nonstop_tsc aperfmperf eagerfpu pni pclmulqdq dtes64 monitor ds_cpl vmx est tm2 ssse3 fma cx16 xtpr pdcm pcid sse4_1 sse4_2 movbe popcnt tsc_deadline_timer aes xsave avx f16c rdrand lahf_lm abm ida arat epb pln pts dtherm tpr_shadow vnmi flexpriority ept vpid fsgsbase tsc_adjust bmi1 avx2 smep bmi2 erms invpcid xsaveopt
bugs		:
bogomips	: 4988.00
clflush size	: 64
cache_alignment	: 64
address sizes	: 39 bits physical, 48 bits virtual
power management:

processor	: 1
vendor_id	: GenuineIntel
cpu family	: 6
model		: 60
model name	: Intel(R) Core(TM) i5-4200M CPU @ 2.50GHz
stepping	: 3
microcode	: 0x1c
cpu MHz		: 2999.902
cache size	: 3072 KB
physical id	: 0
siblings	: 4
core id		: 0
cpu cores	: 2
apicid		: 1
initial apicid	: 1
fpu		: yes
fpu_exception	: yes
cpuid level	: 13
wp		: yes
flags		: fpu vme de pse tsc msr pae mce cx8 apic sep mtrr pge mca cmov pat pse36 clflush dts acpi mmx fxsr sse sse2 ss ht tm pbe syscall nx pdpe1gb rdtscp lm constant_tsc arch_perfmon pebs bts rep_good nopl xtopology nonstop_tsc aperfmperf eagerfpu pni pclmulqdq dtes64 monitor ds_cpl vmx est tm2 ssse3 fma cx16 xtpr pdcm pcid sse4_1 sse4_2 movbe popcnt tsc_deadline_timer aes xsave avx f16c rdrand lahf_lm abm ida arat epb pln pts dtherm tpr_shadow vnmi flexpriority ept vpid fsgsbase tsc_adjust bmi1 avx2 smep bmi2 erms invpcid xsaveopt
bugs		:
bogomips	: 4988.00
clflush size	: 64
cache_alignment	: 64
address sizes	: 39 bits physical, 48 bits virtual
power management:

processor	: 2
vendor_id	: GenuineIntel
cpu family	: 6
model		: 60
model name	: Intel(R) Core(TM) i5-4200M CPU @ 2.50GHz
stepping	: 3
microcode	: 0x1c
cpu MHz		: 2999.902
cache size	: 3072 KB
physical id	: 0
siblings	: 4
core id		: 1
cpu cores	: 2
apicid		: 2
initial apicid	: 2
fpu		: yes
fpu_exception	: yes
cpuid level	: 13
wp		: yes
flags		: fpu vme de pse tsc msr pae mce cx8 apic sep mtrr pge mca cmov pat pse36 clflush dts acpi mmx fxsr sse sse2 ss ht tm pbe syscall nx pdpe1gb rdtscp lm constant_tsc arch_perfmon pebs bts rep_good nopl xtopology nonstop_tsc aperfmperf eagerfpu pni pclmulqdq dtes64 monitor ds_cpl vmx est tm2 ssse3 fma cx16 xtpr pdcm pcid sse4_1 sse4_2 movbe popcnt tsc_deadline_timer aes xsave avx f16c rdrand lahf_lm abm ida arat epb pln pts dtherm tpr_shadow vnmi flexpriority ept vpid fsgsbase tsc_adjust bmi1 avx2 smep bmi2 erms invpcid xsaveopt
bugs		:
bogomips	: 4988.00
clflush size	: 64
cache_alignment	: 64
address sizes	: 39 bits physical, 48 bits virtual
power management:

processor	: 3
vendor_id	: GenuineIntel
cpu family	: 6
model		: 60
model name	: Intel(R) Core(TM) i5-4200M CPU @ 2.50GHz
stepping	: 3
microcode	: 0x1c
cpu MHz		: 3000.000
cache size	: 3072 KB
physical id	: 0
siblings	: 4
core id		: 1
cpu cores	: 2
apicid		: 3
initial apicid	: 3
fpu		: yes
fpu_exception	: yes
cpuid level	: 13
wp		: yes
flags		: fpu vme de pse tsc msr pae mce cx8 apic sep mtrr pge mca cmov pat pse36 clflush dts acpi mmx fxsr sse sse2 ss ht tm pbe syscall nx pdpe1gb rdtscp lm constant_tsc arch_perfmon pebs bts rep_good nopl xtopology nonstop_tsc aperfmperf eagerfpu pni pclmulqdq dtes64 monitor ds_cpl vmx est tm2 ssse3 fma cx16 xtpr pdcm pcid sse4_1 sse4_2 movbe popcnt tsc_deadline_timer aes xsave avx f16c rdrand lahf_lm abm ida arat epb pln pts dtherm tpr_shadow vnmi flexpriority ept vpid fsgsbase tsc_adjust bmi1 avx2 smep bmi2 erms invpcid xsaveopt
bugs		:
bogomips	: 4988.00
clflush size	: 64
cache_alignment	: 64
address sizes	: 39 bits physical, 48 bits virtual
power management:



Memory: 4k page, physical 6025456k(2096964k free), swap 11717628k(9756548k free)

vm_info: OpenJDK 64-Bit Server VM (24.95-b01) for linux-amd64 JRE (1.7.0_95-b00), built on Mar 24 2016 06:07:15 by "buildd" with gcc 5.2.1 20151010

time: Wed May 25 13:02:17 2016
elapsed time: 3614 seconds

